2022-04-18 09:05:36,200 episode=0 score=-19.0 avgScore=-19.0 bestScore=-inf epsilon=0.990540000000043 step=977
2022-04-18 09:05:56,747 episode=1 score=-21.0 avgScore=-20.0 bestScore=-19.0 epsilon=0.9823300000000804 step=1798
2022-04-18 09:06:15,963 episode=2 score=-21.0 avgScore=-20.333333333333332 bestScore=-19.0 epsilon=0.9746800000001152 step=2563
2022-04-18 09:06:40,969 episode=3 score=-19.0 avgScore=-20.0 bestScore=-19.0 epsilon=0.9646900000001607 step=3562
2022-04-18 09:07:03,085 episode=4 score=-20.0 avgScore=-20.0 bestScore=-19.0 epsilon=0.9558700000002008 step=4444
2022-04-18 09:07:24,366 episode=5 score=-20.0 avgScore=-20.0 bestScore=-19.0 epsilon=0.9474300000002392 step=5288
2022-04-18 09:07:50,902 episode=6 score=-20.0 avgScore=-20.0 bestScore=-19.0 epsilon=0.9371800000002859 step=6313
2022-04-18 09:08:16,280 episode=7 score=-21.0 avgScore=-20.125 bestScore=-19.0 epsilon=0.9277700000003287 step=7254
2022-04-18 09:08:40,399 episode=8 score=-21.0 avgScore=-20.22222222222222 bestScore=-19.0 epsilon=0.9189600000003688 step=8135
2022-04-18 09:09:05,517 episode=9 score=-21.0 avgScore=-20.3 bestScore=-19.0 epsilon=0.9102400000004085 step=9007
2022-04-18 09:09:37,240 episode=10 score=-19.0 avgScore=-20.181818181818183 bestScore=-19.0 epsilon=0.8993000000004583 step=10101
2022-04-18 09:10:03,280 episode=11 score=-20.0 avgScore=-20.166666666666668 bestScore=-19.0 epsilon=0.8903200000004992 step=10999
2022-04-18 09:10:26,989 episode=12 score=-21.0 avgScore=-20.23076923076923 bestScore=-19.0 epsilon=0.8820700000005367 step=11824
2022-04-18 09:11:01,235 episode=13 score=-19.0 avgScore=-20.142857142857142 bestScore=-19.0 epsilon=0.8700200000005915 step=13029
2022-04-18 09:11:30,808 episode=14 score=-20.0 avgScore=-20.133333333333333 bestScore=-19.0 epsilon=0.8594400000006397 step=14087
2022-04-18 09:12:02,011 episode=15 score=-20.0 avgScore=-20.125 bestScore=-19.0 epsilon=0.8486300000006889 step=15168
2022-04-18 09:12:26,150 episode=16 score=-21.0 avgScore=-20.176470588235293 bestScore=-19.0 epsilon=0.8400800000007278 step=16023
2022-04-18 09:12:53,460 episode=17 score=-21.0 avgScore=-20.22222222222222 bestScore=-19.0 epsilon=0.8307700000007702 step=16954
2022-04-18 09:13:26,779 episode=18 score=-18.0 avgScore=-20.105263157894736 bestScore=-19.0 epsilon=0.8191100000008232 step=18120
2022-04-18 09:13:53,413 episode=19 score=-20.0 avgScore=-20.1 bestScore=-19.0 epsilon=0.8100000000008647 step=19031
2022-04-18 09:14:18,537 episode=20 score=-20.0 avgScore=-20.095238095238095 bestScore=-19.0 epsilon=0.8012200000009047 step=19909
2022-04-18 09:14:47,552 episode=21 score=-19.0 avgScore=-20.045454545454547 bestScore=-19.0 epsilon=0.7913800000009494 step=20893
2022-04-18 09:15:16,784 episode=22 score=-19.0 avgScore=-20.0 bestScore=-19.0 epsilon=0.7811900000009958 step=21912
2022-04-18 09:15:43,278 episode=23 score=-20.0 avgScore=-20.0 bestScore=-19.0 epsilon=0.7721700000010369 step=22814
2022-04-18 09:16:11,026 episode=24 score=-20.0 avgScore=-20.0 bestScore=-19.0 epsilon=0.7624100000010813 step=23790
2022-04-18 09:16:38,173 episode=25 score=-20.0 avgScore=-20.0 bestScore=-19.0 epsilon=0.7531500000011234 step=24716
2022-04-18 09:17:03,367 episode=26 score=-21.0 avgScore=-20.037037037037038 bestScore=-19.0 epsilon=0.7443500000011635 step=25596
2022-04-18 09:17:28,976 episode=27 score=-21.0 avgScore=-20.071428571428573 bestScore=-19.0 epsilon=0.7356400000012031 step=26467
2022-04-18 09:17:58,348 episode=28 score=-21.0 avgScore=-20.103448275862068 bestScore=-19.0 epsilon=0.7256500000012486 step=27466
2022-04-18 09:18:25,425 episode=29 score=-21.0 avgScore=-20.133333333333333 bestScore=-19.0 epsilon=0.7163800000012908 step=28393
2022-04-18 09:18:58,690 episode=30 score=-19.0 avgScore=-20.096774193548388 bestScore=-19.0 epsilon=0.7050200000013425 step=29529
2022-04-18 09:19:26,025 episode=31 score=-21.0 avgScore=-20.125 bestScore=-19.0 epsilon=0.6956300000013852 step=30468
2022-04-18 09:19:54,609 episode=32 score=-20.0 avgScore=-20.12121212121212 bestScore=-19.0 epsilon=0.6856300000014307 step=31468
2022-04-18 09:20:27,429 episode=33 score=-21.0 avgScore=-20.147058823529413 bestScore=-19.0 epsilon=0.6743800000014819 step=32593
2022-04-18 09:20:57,884 episode=34 score=-21.0 avgScore=-20.17142857142857 bestScore=-19.0 epsilon=0.6638500000015298 step=33646
2022-04-18 09:21:32,412 episode=35 score=-19.0 avgScore=-20.13888888888889 bestScore=-19.0 epsilon=0.6521000000015833 step=34821
2022-04-18 09:22:01,593 episode=36 score=-20.0 avgScore=-20.135135135135137 bestScore=-19.0 epsilon=0.6418800000016298 step=35843
2022-04-18 09:22:37,523 episode=37 score=-18.0 avgScore=-20.07894736842105 bestScore=-19.0 epsilon=0.6296800000016853 step=37063
2022-04-18 09:23:03,063 episode=38 score=-21.0 avgScore=-20.102564102564102 bestScore=-19.0 epsilon=0.620970000001725 step=37934
2022-04-18 09:23:48,348 episode=39 score=-16.0 avgScore=-20.0 bestScore=-19.0 epsilon=0.605590000001795 step=39472
2022-04-18 09:24:21,644 episode=40 score=-20.0 avgScore=-20.0 bestScore=-19.0 epsilon=0.594380000001846 step=40593
2022-04-18 09:24:58,273 episode=41 score=-18.0 avgScore=-19.952380952380953 bestScore=-19.0 epsilon=0.5820000000019023 step=41831
2022-04-18 09:25:36,840 episode=42 score=-17.0 avgScore=-19.88372093023256 bestScore=-19.0 epsilon=0.5684800000019639 step=43183
2022-04-18 09:26:20,638 episode=43 score=-19.0 avgScore=-19.863636363636363 bestScore=-19.0 epsilon=0.5536400000020314 step=44667
2022-04-18 09:27:03,369 episode=44 score=-18.0 avgScore=-19.822222222222223 bestScore=-19.0 epsilon=0.5389600000020982 step=46135
2022-04-18 09:27:46,896 episode=45 score=-16.0 avgScore=-19.73913043478261 bestScore=-19.0 epsilon=0.5243200000021648 step=47599
2022-04-18 09:28:24,636 episode=46 score=-20.0 avgScore=-19.74468085106383 bestScore=-19.0 epsilon=0.5112700000022242 step=48904
2022-04-18 09:28:59,403 episode=47 score=-19.0 avgScore=-19.729166666666668 bestScore=-19.0 epsilon=0.49954000000227505 step=50077
2022-04-18 09:29:37,604 episode=48 score=-18.0 avgScore=-19.693877551020407 bestScore=-19.0 epsilon=0.48623000000226174 step=51408
2022-04-18 09:30:26,385 episode=49 score=-16.0 avgScore=-19.62 bestScore=-19.0 epsilon=0.4696800000022452 step=53063
2022-04-18 09:31:11,347 episode=50 score=-18.0 avgScore=-19.58823529411765 bestScore=-19.0 epsilon=0.45451000000223 step=54580
2022-04-18 09:31:54,573 episode=51 score=-20.0 avgScore=-19.596153846153847 bestScore=-19.0 epsilon=0.43986000000221537 step=56045
2022-04-18 09:32:44,076 episode=52 score=-15.0 avgScore=-19.50943396226415 bestScore=-19.0 epsilon=0.42316000000219867 step=57715
2022-04-18 09:33:37,825 episode=53 score=-18.0 avgScore=-19.48148148148148 bestScore=-19.0 epsilon=0.40486000000218036 step=59545
2022-04-18 09:34:19,007 episode=54 score=-18.0 avgScore=-19.454545454545453 bestScore=-19.0 epsilon=0.3909100000021664 step=60940
2022-04-18 09:35:05,123 episode=55 score=-17.0 avgScore=-19.410714285714285 bestScore=-19.0 epsilon=0.37535000000215085 step=62496
2022-04-18 09:35:54,424 episode=56 score=-19.0 avgScore=-19.403508771929825 bestScore=-19.0 epsilon=0.3589000000021344 step=64141
2022-04-18 09:36:36,863 episode=57 score=-18.0 avgScore=-19.379310344827587 bestScore=-19.0 epsilon=0.3443000000021198 step=65601
2022-04-18 09:37:27,983 episode=58 score=-20.0 avgScore=-19.389830508474578 bestScore=-19.0 epsilon=0.32724000000210274 step=67307
2022-04-18 09:38:12,230 episode=59 score=-20.0 avgScore=-19.4 bestScore=-19.0 epsilon=0.3124200000020879 step=68789
2022-04-18 09:39:10,994 episode=60 score=-16.0 avgScore=-19.34426229508197 bestScore=-19.0 epsilon=0.2923100000020678 step=70800
2022-04-18 09:40:04,120 episode=61 score=-18.0 avgScore=-19.322580645161292 bestScore=-19.0 epsilon=0.27455000000205004 step=72576
2022-04-18 09:40:52,125 episode=62 score=-18.0 avgScore=-19.3015873015873 bestScore=-19.0 epsilon=0.2581200000020336 step=74219
2022-04-18 09:41:50,174 episode=63 score=-14.0 avgScore=-19.21875 bestScore=-19.0 epsilon=0.2387000000020142 step=76161
2022-04-18 09:42:40,508 episode=64 score=-17.0 avgScore=-19.184615384615384 bestScore=-19.0 epsilon=0.22155000000199704 step=77876
2022-04-18 09:43:28,857 episode=65 score=-17.0 avgScore=-19.151515151515152 bestScore=-19.0 epsilon=0.20544000000198093 step=79487
2022-04-18 09:44:21,674 episode=66 score=-19.0 avgScore=-19.149253731343283 bestScore=-19.0 epsilon=0.18739000000196288 step=81292
2022-04-18 09:45:26,871 episode=67 score=-15.0 avgScore=-19.08823529411765 bestScore=-19.0 epsilon=0.1657200000019412 step=83459
2022-04-18 09:46:22,907 episode=68 score=-18.0 avgScore=-19.07246376811594 bestScore=-19.0 epsilon=0.1467100000019222 step=85360
2022-04-18 09:47:35,059 episode=69 score=-14.0 avgScore=-19.0 bestScore=-19.0 epsilon=0.12271000000190137 step=87760
2022-04-18 09:48:41,201 episode=70 score=-14.0 avgScore=-18.929577464788732 bestScore=-19.0 epsilon=0.1002000000019101 step=90011
2022-04-18 09:49:57,071 episode=71 score=-15.0 avgScore=-18.875 bestScore=-18.929577464788732 epsilon=0.09999000000191018 step=92534
2022-04-18 09:51:00,923 episode=72 score=-12.0 avgScore=-18.78082191780822 bestScore=-18.875 epsilon=0.09999000000191018 step=94719
2022-04-18 09:52:09,593 episode=73 score=-18.0 avgScore=-18.77027027027027 bestScore=-18.78082191780822 epsilon=0.09999000000191018 step=97000
2022-04-18 09:53:08,147 episode=74 score=-15.0 avgScore=-18.72 bestScore=-18.77027027027027 epsilon=0.09999000000191018 step=98997
2022-04-18 09:54:03,611 episode=75 score=-18.0 avgScore=-18.710526315789473 bestScore=-18.72 epsilon=0.09999000000191018 step=100852
2022-04-18 09:55:15,323 episode=76 score=-12.0 avgScore=-18.623376623376622 bestScore=-18.710526315789473 epsilon=0.09999000000191018 step=103330
2022-04-18 09:56:14,690 episode=77 score=-16.0 avgScore=-18.58974358974359 bestScore=-18.623376623376622 epsilon=0.09999000000191018 step=105304
2022-04-18 09:57:20,956 episode=78 score=-18.0 avgScore=-18.582278481012658 bestScore=-18.58974358974359 epsilon=0.09999000000191018 step=107549
2022-04-18 09:58:17,901 episode=79 score=-16.0 avgScore=-18.55 bestScore=-18.582278481012658 epsilon=0.09999000000191018 step=109440
2022-04-18 09:59:04,491 episode=80 score=-16.0 avgScore=-18.51851851851852 bestScore=-18.55 epsilon=0.09999000000191018 step=111032
2022-04-18 10:00:20,338 episode=81 score=-13.0 avgScore=-18.451219512195124 bestScore=-18.51851851851852 epsilon=0.09999000000191018 step=113569
2022-04-18 10:01:05,979 episode=82 score=-18.0 avgScore=-18.44578313253012 bestScore=-18.451219512195124 epsilon=0.09999000000191018 step=115129
2022-04-18 10:02:08,181 episode=83 score=-19.0 avgScore=-18.452380952380953 bestScore=-18.44578313253012 epsilon=0.09999000000191018 step=117216
2022-04-18 10:03:18,656 episode=84 score=-11.0 avgScore=-18.36470588235294 bestScore=-18.44578313253012 epsilon=0.09999000000191018 step=119635
2022-04-18 10:04:21,121 episode=85 score=-16.0 avgScore=-18.337209302325583 bestScore=-18.36470588235294 epsilon=0.09999000000191018 step=121729
2022-04-18 10:05:29,199 episode=86 score=-12.0 avgScore=-18.264367816091955 bestScore=-18.337209302325583 epsilon=0.09999000000191018 step=124032
2022-04-18 10:06:34,098 episode=87 score=-14.0 avgScore=-18.21590909090909 bestScore=-18.264367816091955 epsilon=0.09999000000191018 step=126199
2022-04-18 10:07:35,860 episode=88 score=-15.0 avgScore=-18.179775280898877 bestScore=-18.21590909090909 epsilon=0.09999000000191018 step=128256
2022-04-18 10:08:42,686 episode=89 score=-18.0 avgScore=-18.177777777777777 bestScore=-18.179775280898877 epsilon=0.09999000000191018 step=130500
2022-04-18 10:09:32,317 episode=90 score=-17.0 avgScore=-18.164835164835164 bestScore=-18.177777777777777 epsilon=0.09999000000191018 step=132166
2022-04-18 10:10:44,398 episode=91 score=-11.0 avgScore=-18.08695652173913 bestScore=-18.164835164835164 epsilon=0.09999000000191018 step=134579
2022-04-18 10:11:56,080 episode=92 score=-17.0 avgScore=-18.0752688172043 bestScore=-18.08695652173913 epsilon=0.09999000000191018 step=136980
2022-04-18 10:12:54,914 episode=93 score=-17.0 avgScore=-18.06382978723404 bestScore=-18.0752688172043 epsilon=0.09999000000191018 step=138957
2022-04-18 10:14:04,825 episode=94 score=-14.0 avgScore=-18.021052631578947 bestScore=-18.06382978723404 epsilon=0.09999000000191018 step=141298
2022-04-18 10:15:21,713 episode=95 score=-14.0 avgScore=-17.979166666666668 bestScore=-18.021052631578947 epsilon=0.09999000000191018 step=143865
2022-04-18 10:16:39,365 episode=96 score=-13.0 avgScore=-17.927835051546392 bestScore=-17.979166666666668 epsilon=0.09999000000191018 step=146454
2022-04-18 10:17:43,184 episode=97 score=-15.0 avgScore=-17.897959183673468 bestScore=-17.927835051546392 epsilon=0.09999000000191018 step=148592
2022-04-18 10:19:08,687 episode=98 score=-12.0 avgScore=-17.838383838383837 bestScore=-17.897959183673468 epsilon=0.09999000000191018 step=151460
2022-04-18 10:20:23,744 episode=99 score=-11.0 avgScore=-17.77 bestScore=-17.838383838383837 epsilon=0.09999000000191018 step=153984
2022-04-18 10:21:39,439 episode=100 score=-12.0 avgScore=-17.7 bestScore=-17.77 epsilon=0.09999000000191018 step=156520
2022-04-18 10:23:08,747 episode=101 score=-8.0 avgScore=-17.57 bestScore=-17.7 epsilon=0.09999000000191018 step=159521
2022-04-18 10:24:49,355 episode=102 score=-8.0 avgScore=-17.44 bestScore=-17.57 epsilon=0.09999000000191018 step=162891
2022-04-18 10:26:00,067 episode=103 score=-11.0 avgScore=-17.36 bestScore=-17.44 epsilon=0.09999000000191018 step=165263
2022-04-18 10:27:22,862 episode=104 score=-11.0 avgScore=-17.27 bestScore=-17.36 epsilon=0.09999000000191018 step=168035
2022-04-18 10:28:55,834 episode=105 score=-7.0 avgScore=-17.14 bestScore=-17.27 epsilon=0.09999000000191018 step=171161
2022-04-18 10:30:14,800 episode=106 score=-10.0 avgScore=-17.04 bestScore=-17.14 epsilon=0.09999000000191018 step=173805
2022-04-18 10:31:35,502 episode=107 score=-12.0 avgScore=-16.95 bestScore=-17.04 epsilon=0.09999000000191018 step=176529
2022-04-18 10:33:03,044 episode=108 score=-9.0 avgScore=-16.83 bestScore=-16.95 epsilon=0.09999000000191018 step=179463
2022-04-18 10:34:06,522 episode=109 score=-14.0 avgScore=-16.76 bestScore=-16.83 epsilon=0.09999000000191018 step=181599
2022-04-18 10:35:36,906 episode=110 score=-4.0 avgScore=-16.61 bestScore=-16.76 epsilon=0.09999000000191018 step=184625
2022-04-18 10:36:56,177 episode=111 score=-11.0 avgScore=-16.52 bestScore=-16.61 epsilon=0.09999000000191018 step=187286
2022-04-18 10:38:21,393 episode=112 score=-6.0 avgScore=-16.37 bestScore=-16.52 epsilon=0.09999000000191018 step=190138
2022-04-18 10:39:48,941 episode=113 score=-4.0 avgScore=-16.22 bestScore=-16.37 epsilon=0.09999000000191018 step=193086
2022-04-18 10:41:23,502 episode=114 score=5.0 avgScore=-15.97 bestScore=-16.22 epsilon=0.09999000000191018 step=196259
2022-04-18 10:42:33,722 episode=115 score=-14.0 avgScore=-15.91 bestScore=-15.97 epsilon=0.09999000000191018 step=198627
2022-04-18 10:44:00,488 episode=116 score=-8.0 avgScore=-15.78 bestScore=-15.91 epsilon=0.09999000000191018 step=201544
2022-04-18 10:45:20,046 episode=117 score=-11.0 avgScore=-15.68 bestScore=-15.78 epsilon=0.09999000000191018 step=204228
2022-04-18 10:46:56,318 episode=118 score=-6.0 avgScore=-15.56 bestScore=-15.68 epsilon=0.09999000000191018 step=207450
2022-04-18 10:48:14,557 episode=119 score=-14.0 avgScore=-15.5 bestScore=-15.56 epsilon=0.09999000000191018 step=210084
2022-04-18 10:49:45,919 episode=120 score=-6.0 avgScore=-15.36 bestScore=-15.5 epsilon=0.09999000000191018 step=213162
2022-04-18 10:51:08,555 episode=121 score=-8.0 avgScore=-15.25 bestScore=-15.36 epsilon=0.09999000000191018 step=215938
2022-04-18 10:52:38,068 episode=122 score=-3.0 avgScore=-15.09 bestScore=-15.25 epsilon=0.09999000000191018 step=218953
2022-04-18 10:54:10,400 episode=123 score=-5.0 avgScore=-14.94 bestScore=-15.09 epsilon=0.09999000000191018 step=222067
2022-04-18 10:55:52,844 episode=124 score=1.0 avgScore=-14.73 bestScore=-14.94 epsilon=0.09999000000191018 step=225510
2022-04-18 10:57:33,022 episode=125 score=-2.0 avgScore=-14.55 bestScore=-14.73 epsilon=0.09999000000191018 step=228882
2022-04-18 10:58:49,455 episode=126 score=-8.0 avgScore=-14.42 bestScore=-14.55 epsilon=0.09999000000191018 step=231451
2022-04-18 11:00:12,478 episode=127 score=-11.0 avgScore=-14.32 bestScore=-14.42 epsilon=0.09999000000191018 step=234257
2022-04-18 11:01:51,560 episode=128 score=-6.0 avgScore=-14.17 bestScore=-14.32 epsilon=0.09999000000191018 step=237594
2022-04-18 11:03:19,921 episode=129 score=-8.0 avgScore=-14.04 bestScore=-14.17 epsilon=0.09999000000191018 step=240581
2022-04-18 11:04:43,236 episode=130 score=-9.0 avgScore=-13.94 bestScore=-14.04 epsilon=0.09999000000191018 step=243380
2022-04-18 11:06:23,126 episode=131 score=6.0 avgScore=-13.67 bestScore=-13.94 epsilon=0.09999000000191018 step=246741
2022-04-18 11:07:47,287 episode=132 score=-7.0 avgScore=-13.54 bestScore=-13.67 epsilon=0.09999000000191018 step=249562
2022-04-18 11:08:55,668 episode=133 score=-11.0 avgScore=-13.44 bestScore=-13.54 epsilon=0.09999000000191018 step=251875
2022-04-18 11:10:12,499 episode=134 score=-9.0 avgScore=-13.32 bestScore=-13.44 epsilon=0.09999000000191018 step=254464
2022-04-18 11:11:27,985 episode=135 score=8.0 avgScore=-13.05 bestScore=-13.32 epsilon=0.09999000000191018 step=257017
2022-04-18 11:13:19,012 episode=136 score=2.0 avgScore=-12.83 bestScore=-13.05 epsilon=0.09999000000191018 step=260764
2022-04-18 11:14:39,906 episode=137 score=8.0 avgScore=-12.57 bestScore=-12.83 epsilon=0.09999000000191018 step=263501
2022-04-18 11:16:08,203 episode=138 score=-4.0 avgScore=-12.4 bestScore=-12.57 epsilon=0.09999000000191018 step=266462
2022-04-18 11:17:41,343 episode=139 score=-4.0 avgScore=-12.28 bestScore=-12.4 epsilon=0.09999000000191018 step=269593
2022-04-18 11:19:04,992 episode=140 score=-8.0 avgScore=-12.16 bestScore=-12.28 epsilon=0.09999000000191018 step=272402
2022-04-18 11:20:22,969 episode=141 score=-10.0 avgScore=-12.08 bestScore=-12.16 epsilon=0.09999000000191018 step=275036
2022-04-18 11:21:38,756 episode=142 score=-6.0 avgScore=-11.97 bestScore=-12.08 epsilon=0.09999000000191018 step=277590
2022-04-18 11:23:07,884 episode=143 score=3.0 avgScore=-11.75 bestScore=-11.97 epsilon=0.09999000000191018 step=280601
2022-04-18 11:24:41,282 episode=144 score=-4.0 avgScore=-11.61 bestScore=-11.75 epsilon=0.09999000000191018 step=283744
2022-04-18 11:25:59,588 episode=145 score=-9.0 avgScore=-11.54 bestScore=-11.61 epsilon=0.09999000000191018 step=286382
2022-04-18 11:27:36,021 episode=146 score=-4.0 avgScore=-11.38 bestScore=-11.54 epsilon=0.09999000000191018 step=289622
2022-04-18 11:29:26,109 episode=147 score=-3.0 avgScore=-11.22 bestScore=-11.38 epsilon=0.09999000000191018 step=293346
2022-04-18 11:30:31,782 episode=148 score=-13.0 avgScore=-11.17 bestScore=-11.22 epsilon=0.09999000000191018 step=295554
2022-04-18 11:32:12,286 episode=149 score=6.0 avgScore=-10.95 bestScore=-11.17 epsilon=0.09999000000191018 step=298947
2022-04-18 11:33:51,213 episode=150 score=-3.0 avgScore=-10.8 bestScore=-10.95 epsilon=0.09999000000191018 step=302273
2022-04-18 11:35:26,477 episode=151 score=4.0 avgScore=-10.56 bestScore=-10.8 epsilon=0.09999000000191018 step=305473
2022-04-18 11:37:07,394 episode=152 score=-2.0 avgScore=-10.43 bestScore=-10.56 epsilon=0.09999000000191018 step=308858
2022-04-18 11:38:39,365 episode=153 score=-4.0 avgScore=-10.29 bestScore=-10.43 epsilon=0.09999000000191018 step=311955
2022-04-18 11:39:55,349 episode=154 score=-9.0 avgScore=-10.2 bestScore=-10.29 epsilon=0.09999000000191018 step=314500
2022-04-18 11:41:41,352 episode=155 score=5.0 avgScore=-9.98 bestScore=-10.2 epsilon=0.09999000000191018 step=318080
2022-04-18 11:42:53,051 episode=156 score=-10.0 avgScore=-9.89 bestScore=-9.98 epsilon=0.09999000000191018 step=320474
2022-04-18 11:44:24,326 episode=157 score=-9.0 avgScore=-9.8 bestScore=-9.89 epsilon=0.09999000000191018 step=323548
2022-04-18 11:45:37,346 episode=158 score=-11.0 avgScore=-9.71 bestScore=-9.8 epsilon=0.09999000000191018 step=325993
2022-04-18 11:47:15,851 episode=159 score=3.0 avgScore=-9.48 bestScore=-9.71 epsilon=0.09999000000191018 step=329314
2022-04-18 11:48:54,470 episode=160 score=-1.0 avgScore=-9.33 bestScore=-9.48 epsilon=0.09999000000191018 step=332617
2022-04-18 11:50:35,615 episode=161 score=-5.0 avgScore=-9.2 bestScore=-9.33 epsilon=0.09999000000191018 step=336021
2022-04-18 11:51:54,727 episode=162 score=-9.0 avgScore=-9.11 bestScore=-9.2 epsilon=0.09999000000191018 step=338679
2022-04-18 11:53:33,056 episode=163 score=-3.0 avgScore=-9.0 bestScore=-9.11 epsilon=0.09999000000191018 step=341970
2022-04-18 11:55:01,832 episode=164 score=8.0 avgScore=-8.75 bestScore=-9.0 epsilon=0.09999000000191018 step=344928
2022-04-18 11:56:19,584 episode=165 score=10.0 avgScore=-8.48 bestScore=-8.75 epsilon=0.09999000000191018 step=347545
2022-04-18 11:57:54,398 episode=166 score=-7.0 avgScore=-8.36 bestScore=-8.48 epsilon=0.09999000000191018 step=350721
2022-04-18 11:59:39,912 episode=167 score=3.0 avgScore=-8.18 bestScore=-8.36 epsilon=0.09999000000191018 step=354281
2022-04-18 12:01:16,568 episode=168 score=-1.0 avgScore=-8.01 bestScore=-8.18 epsilon=0.09999000000191018 step=357529
2022-04-18 12:02:43,557 episode=169 score=-4.0 avgScore=-7.91 bestScore=-8.01 epsilon=0.09999000000191018 step=360452
2022-04-18 12:04:23,327 episode=170 score=-4.0 avgScore=-7.81 bestScore=-7.91 epsilon=0.09999000000191018 step=363788
2022-04-18 12:05:32,862 episode=171 score=-11.0 avgScore=-7.77 bestScore=-7.81 epsilon=0.09999000000191018 step=366122
2022-04-18 12:07:06,883 episode=172 score=-4.0 avgScore=-7.69 bestScore=-7.77 epsilon=0.09999000000191018 step=369262
2022-04-18 12:08:43,556 episode=173 score=2.0 avgScore=-7.49 bestScore=-7.69 epsilon=0.09999000000191018 step=372497
2022-04-18 12:10:03,232 episode=174 score=-9.0 avgScore=-7.43 bestScore=-7.49 epsilon=0.09999000000191018 step=375161
2022-04-18 12:11:37,674 episode=175 score=7.0 avgScore=-7.18 bestScore=-7.43 epsilon=0.09999000000191018 step=378339
2022-04-18 12:13:30,231 episode=176 score=-3.0 avgScore=-7.09 bestScore=-7.18 epsilon=0.09999000000191018 step=382114
2022-04-18 12:15:06,035 episode=177 score=6.0 avgScore=-6.87 bestScore=-7.09 epsilon=0.09999000000191018 step=385344
2022-04-18 12:16:20,342 episode=178 score=-9.0 avgScore=-6.78 bestScore=-6.87 epsilon=0.09999000000191018 step=387836
2022-04-18 12:17:50,831 episode=179 score=-3.0 avgScore=-6.65 bestScore=-6.78 epsilon=0.09999000000191018 step=390875
2022-04-18 12:19:19,264 episode=180 score=10.0 avgScore=-6.39 bestScore=-6.65 epsilon=0.09999000000191018 step=393840
2022-04-18 12:20:39,044 episode=181 score=-11.0 avgScore=-6.37 bestScore=-6.39 epsilon=0.09999000000191018 step=396529
2022-04-18 12:22:18,065 episode=182 score=-2.0 avgScore=-6.21 bestScore=-6.37 epsilon=0.09999000000191018 step=399851
2022-04-18 12:23:53,520 episode=183 score=-3.0 avgScore=-6.05 bestScore=-6.21 epsilon=0.09999000000191018 step=403063
2022-04-18 12:25:32,934 episode=184 score=6.0 avgScore=-5.88 bestScore=-6.05 epsilon=0.09999000000191018 step=406395
2022-04-18 12:26:57,656 episode=185 score=-7.0 avgScore=-5.79 bestScore=-5.88 epsilon=0.09999000000191018 step=409248
2022-04-18 12:28:36,738 episode=186 score=-1.0 avgScore=-5.68 bestScore=-5.79 epsilon=0.09999000000191018 step=412573
2022-04-18 12:29:55,435 episode=187 score=-7.0 avgScore=-5.61 bestScore=-5.68 epsilon=0.09999000000191018 step=415229
2022-04-18 12:31:15,159 episode=188 score=-7.0 avgScore=-5.53 bestScore=-5.61 epsilon=0.09999000000191018 step=417906
2022-04-18 12:32:27,828 episode=189 score=-10.0 avgScore=-5.45 bestScore=-5.53 epsilon=0.09999000000191018 step=420355
2022-04-18 12:34:16,555 episode=190 score=-2.0 avgScore=-5.3 bestScore=-5.45 epsilon=0.09999000000191018 step=423998
2022-04-18 12:35:59,089 episode=191 score=-1.0 avgScore=-5.2 bestScore=-5.3 epsilon=0.09999000000191018 step=427451
2022-04-18 12:37:38,885 episode=192 score=-1.0 avgScore=-5.04 bestScore=-5.2 epsilon=0.09999000000191018 step=430798
2022-04-18 12:38:57,437 episode=193 score=-7.0 avgScore=-4.94 bestScore=-5.04 epsilon=0.09999000000191018 step=433442
2022-04-18 12:40:13,268 episode=194 score=-10.0 avgScore=-4.9 bestScore=-4.94 epsilon=0.09999000000191018 step=435984
2022-04-18 12:41:49,801 episode=195 score=1.0 avgScore=-4.75 bestScore=-4.9 epsilon=0.09999000000191018 step=439224
2022-04-18 12:43:21,297 episode=196 score=-4.0 avgScore=-4.66 bestScore=-4.75 epsilon=0.09999000000191018 step=442285
2022-04-18 12:44:34,876 episode=197 score=-12.0 avgScore=-4.63 bestScore=-4.66 epsilon=0.09999000000191018 step=444760
2022-04-18 12:46:05,542 episode=198 score=4.0 avgScore=-4.47 bestScore=-4.63 epsilon=0.09999000000191018 step=447798
2022-04-18 12:47:45,959 episode=199 score=-1.0 avgScore=-4.37 bestScore=-4.47 epsilon=0.09999000000191018 step=451180
2022-04-18 12:49:14,051 episode=200 score=7.0 avgScore=-4.18 bestScore=-4.37 epsilon=0.09999000000191018 step=454136
2022-04-18 12:50:34,119 episode=201 score=9.0 avgScore=-4.01 bestScore=-4.18 epsilon=0.09999000000191018 step=456831
2022-04-18 12:52:19,808 episode=202 score=-3.0 avgScore=-3.96 bestScore=-4.01 epsilon=0.09999000000191018 step=460368
2022-04-18 12:54:06,629 episode=203 score=2.0 avgScore=-3.83 bestScore=-3.96 epsilon=0.09999000000191018 step=463954
2022-04-18 12:55:30,370 episode=204 score=6.0 avgScore=-3.66 bestScore=-3.83 epsilon=0.09999000000191018 step=466753
2022-04-18 12:56:56,456 episode=205 score=-6.0 avgScore=-3.65 bestScore=-3.66 epsilon=0.09999000000191018 step=469647
2022-04-18 12:58:24,059 episode=206 score=-1.0 avgScore=-3.56 bestScore=-3.65 epsilon=0.09999000000191018 step=472579
2022-04-18 13:00:03,335 episode=207 score=-1.0 avgScore=-3.45 bestScore=-3.56 epsilon=0.09999000000191018 step=475914
2022-04-18 13:01:46,330 episode=208 score=-2.0 avgScore=-3.38 bestScore=-3.45 epsilon=0.09999000000191018 step=479363
2022-04-18 13:03:00,911 episode=209 score=11.0 avgScore=-3.13 bestScore=-3.38 epsilon=0.09999000000191018 step=481858
2022-04-18 13:04:24,232 episode=210 score=3.0 avgScore=-3.06 bestScore=-3.13 epsilon=0.09999000000191018 step=484648
2022-04-18 13:05:53,636 episode=211 score=-4.0 avgScore=-2.99 bestScore=-3.06 epsilon=0.09999000000191018 step=487656
2022-04-18 13:07:06,355 episode=212 score=-7.0 avgScore=-3.0 bestScore=-2.99 epsilon=0.09999000000191018 step=490094
2022-04-18 13:08:47,294 episode=213 score=-6.0 avgScore=-3.02 bestScore=-2.99 epsilon=0.09999000000191018 step=493481
2022-04-18 13:09:58,978 episode=214 score=-8.0 avgScore=-3.15 bestScore=-2.99 epsilon=0.09999000000191018 step=495876
2022-04-18 13:11:41,074 episode=215 score=1.0 avgScore=-3.0 bestScore=-2.99 epsilon=0.09999000000191018 step=499307
2022-04-18 13:13:14,964 episode=216 score=6.0 avgScore=-2.86 bestScore=-2.99 epsilon=0.09999000000191018 step=502445
2022-04-18 13:14:34,774 episode=217 score=-7.0 avgScore=-2.82 bestScore=-2.86 epsilon=0.09999000000191018 step=505129
2022-04-18 13:16:11,530 episode=218 score=3.0 avgScore=-2.73 bestScore=-2.82 epsilon=0.09999000000191018 step=508382
2022-04-18 13:17:51,247 episode=219 score=2.0 avgScore=-2.57 bestScore=-2.73 epsilon=0.09999000000191018 step=511737
2022-04-18 13:19:20,593 episode=220 score=8.0 avgScore=-2.43 bestScore=-2.57 epsilon=0.09999000000191018 step=514731
2022-04-18 13:20:55,114 episode=221 score=-3.0 avgScore=-2.38 bestScore=-2.43 epsilon=0.09999000000191018 step=517916
2022-04-18 13:22:10,034 episode=222 score=14.0 avgScore=-2.21 bestScore=-2.38 epsilon=0.09999000000191018 step=520411
2022-04-18 13:23:55,172 episode=223 score=3.0 avgScore=-2.13 bestScore=-2.21 epsilon=0.09999000000191018 step=523922
2022-04-18 13:25:19,434 episode=224 score=6.0 avgScore=-2.08 bestScore=-2.13 epsilon=0.09999000000191018 step=526732
2022-04-18 13:26:56,191 episode=225 score=3.0 avgScore=-2.03 bestScore=-2.08 epsilon=0.09999000000191018 step=529974
2022-04-18 13:28:12,251 episode=226 score=9.0 avgScore=-1.86 bestScore=-2.03 epsilon=0.09999000000191018 step=532508
2022-04-18 13:29:37,133 episode=227 score=-6.0 avgScore=-1.81 bestScore=-1.86 epsilon=0.09999000000191018 step=535355
2022-04-18 13:30:56,101 episode=228 score=10.0 avgScore=-1.65 bestScore=-1.81 epsilon=0.09999000000191018 step=537993
2022-04-18 13:32:36,597 episode=229 score=3.0 avgScore=-1.54 bestScore=-1.65 epsilon=0.09999000000191018 step=541362
2022-04-18 13:34:06,313 episode=230 score=4.0 avgScore=-1.41 bestScore=-1.54 epsilon=0.09999000000191018 step=544351
2022-04-18 13:35:19,171 episode=231 score=12.0 avgScore=-1.35 bestScore=-1.41 epsilon=0.09999000000191018 step=546789
2022-04-18 13:36:55,295 episode=232 score=7.0 avgScore=-1.21 bestScore=-1.35 epsilon=0.09999000000191018 step=549991
2022-04-18 13:38:36,195 episode=233 score=2.0 avgScore=-1.08 bestScore=-1.21 epsilon=0.09999000000191018 step=553365
2022-04-18 13:39:40,989 episode=234 score=14.0 avgScore=-0.85 bestScore=-1.08 epsilon=0.09999000000191018 step=555527
2022-04-18 13:40:58,528 episode=235 score=-7.0 avgScore=-1.0 bestScore=-0.85 epsilon=0.09999000000191018 step=558117
2022-04-18 13:42:32,138 episode=236 score=-5.0 avgScore=-1.07 bestScore=-0.85 epsilon=0.09999000000191018 step=561234
2022-04-18 13:44:12,006 episode=237 score=3.0 avgScore=-1.12 bestScore=-0.85 epsilon=0.09999000000191018 step=564567
2022-04-18 13:45:18,212 episode=238 score=-10.0 avgScore=-1.18 bestScore=-0.85 epsilon=0.09999000000191018 step=566766
2022-04-18 13:46:42,679 episode=239 score=-4.0 avgScore=-1.18 bestScore=-0.85 epsilon=0.09999000000191018 step=569587
2022-04-18 13:48:07,762 episode=240 score=7.0 avgScore=-1.03 bestScore=-0.85 epsilon=0.09999000000191018 step=572415
2022-04-18 13:49:30,010 episode=241 score=-5.0 avgScore=-0.98 bestScore=-0.85 epsilon=0.09999000000191018 step=575167
2022-04-18 13:51:00,686 episode=242 score=-6.0 avgScore=-0.98 bestScore=-0.85 epsilon=0.09999000000191018 step=578189
2022-04-18 13:52:33,120 episode=243 score=-2.0 avgScore=-1.03 bestScore=-0.85 epsilon=0.09999000000191018 step=581283
2022-04-18 13:54:13,640 episode=244 score=2.0 avgScore=-0.97 bestScore=-0.85 epsilon=0.09999000000191018 step=584641
2022-04-18 13:55:51,161 episode=245 score=-1.0 avgScore=-0.89 bestScore=-0.85 epsilon=0.09999000000191018 step=587901
2022-04-18 13:57:27,108 episode=246 score=-1.0 avgScore=-0.86 bestScore=-0.85 epsilon=0.09999000000191018 step=591102
2022-04-18 13:58:50,758 episode=247 score=8.0 avgScore=-0.75 bestScore=-0.85 epsilon=0.09999000000191018 step=593891
2022-04-18 13:59:55,193 episode=248 score=14.0 avgScore=-0.48 bestScore=-0.75 epsilon=0.09999000000191018 step=596047
2022-04-18 14:01:23,034 episode=249 score=-5.0 avgScore=-0.59 bestScore=-0.48 epsilon=0.09999000000191018 step=598979
2022-04-18 14:02:42,410 episode=250 score=5.0 avgScore=-0.51 bestScore=-0.48 epsilon=0.09999000000191018 step=601639
2022-04-18 14:04:02,842 episode=251 score=10.0 avgScore=-0.45 bestScore=-0.48 epsilon=0.09999000000191018 step=604323
2022-04-18 14:05:16,431 episode=252 score=13.0 avgScore=-0.3 bestScore=-0.45 epsilon=0.09999000000191018 step=606791
2022-04-18 14:06:58,902 episode=253 score=-1.0 avgScore=-0.27 bestScore=-0.3 epsilon=0.09999000000191018 step=610216
2022-04-18 14:08:09,084 episode=254 score=-8.0 avgScore=-0.26 bestScore=-0.27 epsilon=0.09999000000191018 step=612571
2022-04-18 14:09:46,845 episode=255 score=2.0 avgScore=-0.29 bestScore=-0.26 epsilon=0.09999000000191018 step=615838
2022-04-18 14:11:08,772 episode=256 score=6.0 avgScore=-0.13 bestScore=-0.26 epsilon=0.09999000000191018 step=618578
2022-04-18 14:12:48,335 episode=257 score=6.0 avgScore=0.02 bestScore=-0.13 epsilon=0.09999000000191018 step=621888
2022-04-18 14:14:09,073 episode=258 score=9.0 avgScore=0.22 bestScore=0.02 epsilon=0.09999000000191018 step=624583
2022-04-18 14:15:21,701 episode=259 score=6.0 avgScore=0.25 bestScore=0.22 epsilon=0.09999000000191018 step=627002
2022-04-18 14:17:02,627 episode=260 score=-1.0 avgScore=0.25 bestScore=0.25 epsilon=0.09999000000191018 step=630377
2022-04-18 14:18:42,754 episode=261 score=2.0 avgScore=0.32 bestScore=0.25 epsilon=0.09999000000191018 step=633707
2022-04-18 14:20:04,657 episode=262 score=11.0 avgScore=0.52 bestScore=0.32 epsilon=0.09999000000191018 step=636442
2022-04-18 14:21:46,234 episode=263 score=-1.0 avgScore=0.54 bestScore=0.52 epsilon=0.09999000000191018 step=639814
2022-04-18 14:22:59,606 episode=264 score=10.0 avgScore=0.56 bestScore=0.54 epsilon=0.09999000000191018 step=642251
2022-04-18 14:24:58,293 episode=265 score=-1.0 avgScore=0.45 bestScore=0.56 epsilon=0.09999000000191018 step=646182
2022-04-18 14:26:28,067 episode=266 score=3.0 avgScore=0.55 bestScore=0.56 epsilon=0.09999000000191018 step=649174
2022-04-18 14:28:07,490 episode=267 score=-1.0 avgScore=0.51 bestScore=0.56 epsilon=0.09999000000191018 step=652467
2022-04-18 14:29:40,579 episode=268 score=-1.0 avgScore=0.51 bestScore=0.56 epsilon=0.09999000000191018 step=655565
2022-04-18 14:31:21,964 episode=269 score=1.0 avgScore=0.56 bestScore=0.56 epsilon=0.09999000000191018 step=658924
2022-04-18 14:32:39,038 episode=270 score=-8.0 avgScore=0.52 bestScore=0.56 epsilon=0.09999000000191018 step=661488
2022-04-18 14:34:04,569 episode=271 score=6.0 avgScore=0.69 bestScore=0.56 epsilon=0.09999000000191018 step=664303
2022-04-18 14:35:36,390 episode=272 score=-6.0 avgScore=0.67 bestScore=0.69 epsilon=0.09999000000191018 step=667347
2022-04-18 14:37:05,806 episode=273 score=-7.0 avgScore=0.58 bestScore=0.69 epsilon=0.09999000000191018 step=670308
2022-04-18 14:38:23,048 episode=274 score=7.0 avgScore=0.74 bestScore=0.69 epsilon=0.09999000000191018 step=672879
2022-04-18 14:39:38,728 episode=275 score=-8.0 avgScore=0.59 bestScore=0.74 epsilon=0.09999000000191018 step=675385
2022-04-18 14:41:14,535 episode=276 score=-4.0 avgScore=0.58 bestScore=0.74 epsilon=0.09999000000191018 step=678577
2022-04-18 14:42:56,078 episode=277 score=-4.0 avgScore=0.48 bestScore=0.74 epsilon=0.09999000000191018 step=681943
2022-04-18 14:44:23,207 episode=278 score=5.0 avgScore=0.62 bestScore=0.74 epsilon=0.09999000000191018 step=684844
2022-04-18 14:45:37,124 episode=279 score=12.0 avgScore=0.77 bestScore=0.74 epsilon=0.09999000000191018 step=687302
2022-04-18 14:47:01,234 episode=280 score=-7.0 avgScore=0.6 bestScore=0.77 epsilon=0.09999000000191018 step=690113
2022-04-18 14:48:28,329 episode=281 score=6.0 avgScore=0.77 bestScore=0.77 epsilon=0.09999000000191018 step=693005
2022-04-18 14:49:50,730 episode=282 score=-3.0 avgScore=0.76 bestScore=0.77 epsilon=0.09999000000191018 step=695738
2022-04-18 14:51:21,218 episode=283 score=8.0 avgScore=0.87 bestScore=0.77 epsilon=0.09999000000191018 step=698728
2022-04-18 14:52:29,520 episode=284 score=-12.0 avgScore=0.69 bestScore=0.87 epsilon=0.09999000000191018 step=701001
2022-04-18 14:53:38,868 episode=285 score=12.0 avgScore=0.88 bestScore=0.87 epsilon=0.09999000000191018 step=703299
2022-04-18 14:55:21,949 episode=286 score=2.0 avgScore=0.91 bestScore=0.88 epsilon=0.09999000000191018 step=706734
2022-04-18 14:57:00,458 episode=287 score=3.0 avgScore=1.01 bestScore=0.91 epsilon=0.09999000000191018 step=709995
2022-04-18 14:58:06,826 episode=288 score=14.0 avgScore=1.22 bestScore=1.01 epsilon=0.09999000000191018 step=712208
2022-04-18 14:59:24,226 episode=289 score=8.0 avgScore=1.4 bestScore=1.22 epsilon=0.09999000000191018 step=714773
2022-04-18 15:00:53,193 episode=290 score=-4.0 avgScore=1.38 bestScore=1.4 epsilon=0.09999000000191018 step=717740
2022-04-18 15:02:20,799 episode=291 score=5.0 avgScore=1.44 bestScore=1.4 epsilon=0.09999000000191018 step=720645
2022-04-18 15:03:58,523 episode=292 score=-2.0 avgScore=1.43 bestScore=1.44 epsilon=0.09999000000191018 step=723891
2022-04-18 15:05:26,202 episode=293 score=5.0 avgScore=1.55 bestScore=1.44 epsilon=0.09999000000191018 step=726777
2022-04-18 15:06:46,966 episode=294 score=-5.0 avgScore=1.6 bestScore=1.55 epsilon=0.09999000000191018 step=729462
2022-04-18 15:08:21,314 episode=295 score=-2.0 avgScore=1.57 bestScore=1.6 epsilon=0.09999000000191018 step=732558
2022-04-18 15:09:59,084 episode=296 score=-5.0 avgScore=1.56 bestScore=1.6 epsilon=0.09999000000191018 step=735810
2022-04-18 15:11:13,911 episode=297 score=12.0 avgScore=1.8 bestScore=1.6 epsilon=0.09999000000191018 step=738255
2022-04-18 15:12:45,390 episode=298 score=-4.0 avgScore=1.72 bestScore=1.8 epsilon=0.09999000000191018 step=741286
2022-04-18 15:14:19,530 episode=299 score=-2.0 avgScore=1.71 bestScore=1.8 epsilon=0.09999000000191018 step=744371
2022-04-18 15:15:55,978 episode=300 score=6.0 avgScore=1.7 bestScore=1.8 epsilon=0.09999000000191018 step=747577
2022-04-18 15:17:23,403 episode=301 score=-2.0 avgScore=1.59 bestScore=1.8 epsilon=0.09999000000191018 step=750448
2022-04-18 15:19:09,993 episode=302 score=-1.0 avgScore=1.61 bestScore=1.8 epsilon=0.09999000000191018 step=753996
2022-04-18 15:20:50,734 episode=303 score=5.0 avgScore=1.64 bestScore=1.8 epsilon=0.09999000000191018 step=757308
2022-04-18 15:22:33,284 episode=304 score=-1.0 avgScore=1.57 bestScore=1.8 epsilon=0.09999000000191018 step=760722
2022-04-18 15:23:53,325 episode=305 score=-10.0 avgScore=1.53 bestScore=1.8 epsilon=0.09999000000191018 step=763346
2022-04-18 15:25:12,597 episode=306 score=-8.0 avgScore=1.46 bestScore=1.8 epsilon=0.09999000000191018 step=765985
2022-04-18 15:26:47,176 episode=307 score=5.0 avgScore=1.52 bestScore=1.8 epsilon=0.09999000000191018 step=769095
2022-04-18 15:28:18,674 episode=308 score=-2.0 avgScore=1.52 bestScore=1.8 epsilon=0.09999000000191018 step=772134
2022-04-18 15:29:45,937 episode=309 score=-2.0 avgScore=1.39 bestScore=1.8 epsilon=0.09999000000191018 step=774994
2022-04-18 15:31:22,948 episode=310 score=2.0 avgScore=1.38 bestScore=1.8 epsilon=0.09999000000191018 step=778221
2022-04-18 15:32:54,616 episode=311 score=-4.0 avgScore=1.38 bestScore=1.8 epsilon=0.09999000000191018 step=781231
2022-04-18 15:34:30,172 episode=312 score=-2.0 avgScore=1.43 bestScore=1.8 epsilon=0.09999000000191018 step=784417
2022-04-18 15:36:12,440 episode=313 score=3.0 avgScore=1.52 bestScore=1.8 epsilon=0.09999000000191018 step=787783
2022-04-18 15:37:47,800 episode=314 score=-3.0 avgScore=1.57 bestScore=1.8 epsilon=0.09999000000191018 step=790960
2022-04-18 15:39:12,352 episode=315 score=8.0 avgScore=1.64 bestScore=1.8 epsilon=0.09999000000191018 step=793740
2022-04-18 15:40:19,832 episode=316 score=14.0 avgScore=1.72 bestScore=1.8 epsilon=0.09999000000191018 step=795994
2022-04-18 15:41:44,890 episode=317 score=3.0 avgScore=1.82 bestScore=1.8 epsilon=0.09999000000191018 step=798785
2022-04-18 15:43:05,901 episode=318 score=-1.0 avgScore=1.78 bestScore=1.82 epsilon=0.09999000000191018 step=801479
2022-04-18 15:44:31,561 episode=319 score=-5.0 avgScore=1.71 bestScore=1.82 epsilon=0.09999000000191018 step=804294
2022-04-18 15:45:42,752 episode=320 score=10.0 avgScore=1.73 bestScore=1.82 epsilon=0.09999000000191018 step=806658
2022-04-18 15:47:10,791 episode=321 score=-4.0 avgScore=1.72 bestScore=1.82 epsilon=0.09999000000191018 step=809549
2022-04-18 15:48:22,865 episode=322 score=9.0 avgScore=1.67 bestScore=1.82 epsilon=0.09999000000191018 step=811940
2022-04-18 15:50:02,518 episode=323 score=-1.0 avgScore=1.63 bestScore=1.82 epsilon=0.09999000000191018 step=815208
2022-04-18 15:51:19,809 episode=324 score=11.0 avgScore=1.68 bestScore=1.82 epsilon=0.09999000000191018 step=817776
2022-04-18 15:52:39,741 episode=325 score=6.0 avgScore=1.71 bestScore=1.82 epsilon=0.09999000000191018 step=820392
2022-04-18 15:53:48,892 episode=326 score=13.0 avgScore=1.75 bestScore=1.82 epsilon=0.09999000000191018 step=822684
2022-04-18 15:55:24,759 episode=327 score=-1.0 avgScore=1.8 bestScore=1.82 epsilon=0.09999000000191018 step=825819
2022-04-18 15:56:36,377 episode=328 score=-10.0 avgScore=1.6 bestScore=1.82 epsilon=0.09999000000191018 step=828192
2022-04-18 15:58:00,484 episode=329 score=8.0 avgScore=1.65 bestScore=1.82 epsilon=0.09999000000191018 step=830940
2022-04-18 15:59:37,393 episode=330 score=1.0 avgScore=1.62 bestScore=1.82 epsilon=0.09999000000191018 step=834161
2022-04-18 16:01:13,680 episode=331 score=4.0 avgScore=1.54 bestScore=1.82 epsilon=0.09999000000191018 step=837319
2022-04-18 16:02:46,298 episode=332 score=-2.0 avgScore=1.45 bestScore=1.82 epsilon=0.09999000000191018 step=840399
2022-04-18 16:04:13,760 episode=333 score=6.0 avgScore=1.49 bestScore=1.82 epsilon=0.09999000000191018 step=843269
2022-04-18 16:05:37,341 episode=334 score=8.0 avgScore=1.43 bestScore=1.82 epsilon=0.09999000000191018 step=846046
2022-04-18 16:07:06,751 episode=335 score=8.0 avgScore=1.58 bestScore=1.82 epsilon=0.09999000000191018 step=848973
2022-04-18 16:08:24,223 episode=336 score=9.0 avgScore=1.72 bestScore=1.82 epsilon=0.09999000000191018 step=851547
2022-04-18 16:09:50,071 episode=337 score=-6.0 avgScore=1.63 bestScore=1.82 epsilon=0.09999000000191018 step=854361
2022-04-18 16:11:34,433 episode=338 score=2.0 avgScore=1.75 bestScore=1.82 epsilon=0.09999000000191018 step=857820
2022-04-18 16:12:56,448 episode=339 score=8.0 avgScore=1.87 bestScore=1.82 epsilon=0.09999000000191018 step=860499
2022-04-18 16:14:11,435 episode=340 score=10.0 avgScore=1.9 bestScore=1.87 epsilon=0.09999000000191018 step=862978
2022-04-18 16:15:41,375 episode=341 score=7.0 avgScore=2.02 bestScore=1.9 epsilon=0.09999000000191018 step=865920
2022-04-18 16:17:26,853 episode=342 score=4.0 avgScore=2.12 bestScore=2.02 epsilon=0.09999000000191018 step=869424
2022-04-18 16:18:49,568 episode=343 score=-6.0 avgScore=2.08 bestScore=2.12 epsilon=0.09999000000191018 step=872129
2022-04-18 16:20:11,737 episode=344 score=8.0 avgScore=2.14 bestScore=2.12 epsilon=0.09999000000191018 step=874859
2022-04-18 16:21:31,618 episode=345 score=-9.0 avgScore=2.06 bestScore=2.14 epsilon=0.09999000000191018 step=877479
2022-04-18 16:22:54,164 episode=346 score=3.0 avgScore=2.1 bestScore=2.14 epsilon=0.09999000000191018 step=880225
2022-04-18 16:24:25,283 episode=347 score=8.0 avgScore=2.1 bestScore=2.14 epsilon=0.09999000000191018 step=883213
2022-04-18 16:25:59,730 episode=348 score=4.0 avgScore=2.0 bestScore=2.14 epsilon=0.09999000000191018 step=886351
2022-04-18 16:27:30,876 episode=349 score=-2.0 avgScore=2.03 bestScore=2.14 epsilon=0.09999000000191018 step=889343
2022-04-18 16:28:55,270 episode=350 score=10.0 avgScore=2.08 bestScore=2.14 epsilon=0.09999000000191018 step=892148
2022-04-18 16:30:11,026 episode=351 score=-8.0 avgScore=1.9 bestScore=2.14 epsilon=0.09999000000191018 step=894634
2022-04-18 16:31:37,412 episode=352 score=4.0 avgScore=1.81 bestScore=2.14 epsilon=0.09999000000191018 step=897507
2022-04-18 16:32:47,801 episode=353 score=13.0 avgScore=1.95 bestScore=2.14 epsilon=0.09999000000191018 step=899806
2022-04-18 16:34:09,271 episode=354 score=-5.0 avgScore=1.98 bestScore=2.14 epsilon=0.09999000000191018 step=902511
2022-04-18 16:35:18,836 episode=355 score=11.0 avgScore=2.07 bestScore=2.14 epsilon=0.09999000000191018 step=904794
2022-04-18 16:36:40,677 episode=356 score=10.0 avgScore=2.11 bestScore=2.14 epsilon=0.09999000000191018 step=907522
2022-04-18 16:38:09,962 episode=357 score=7.0 avgScore=2.12 bestScore=2.14 epsilon=0.09999000000191018 step=910445
2022-04-18 16:39:37,218 episode=358 score=10.0 avgScore=2.13 bestScore=2.14 epsilon=0.09999000000191018 step=913345
2022-04-18 16:40:51,273 episode=359 score=-10.0 avgScore=1.97 bestScore=2.14 epsilon=0.09999000000191018 step=915770
2022-04-18 16:42:25,093 episode=360 score=1.0 avgScore=1.99 bestScore=2.14 epsilon=0.09999000000191018 step=918884
2022-04-18 16:43:47,871 episode=361 score=10.0 avgScore=2.07 bestScore=2.14 epsilon=0.09999000000191018 step=921592
2022-04-18 16:45:20,674 episode=362 score=3.0 avgScore=1.99 bestScore=2.14 epsilon=0.09999000000191018 step=924680
2022-04-18 16:46:55,493 episode=363 score=-2.0 avgScore=1.98 bestScore=2.14 epsilon=0.09999000000191018 step=927774
2022-04-18 16:48:25,308 episode=364 score=6.0 avgScore=1.94 bestScore=2.14 epsilon=0.09999000000191018 step=930763
2022-04-18 16:49:59,605 episode=365 score=-4.0 avgScore=1.91 bestScore=2.14 epsilon=0.09999000000191018 step=933846
2022-04-18 16:51:13,234 episode=366 score=9.0 avgScore=1.97 bestScore=2.14 epsilon=0.09999000000191018 step=936285
2022-04-18 16:52:45,355 episode=367 score=-4.0 avgScore=1.94 bestScore=2.14 epsilon=0.09999000000191018 step=939286
2022-04-18 16:54:26,958 episode=368 score=-2.0 avgScore=1.93 bestScore=2.14 epsilon=0.09999000000191018 step=942647
2022-04-18 16:55:45,557 episode=369 score=6.0 avgScore=1.98 bestScore=2.14 epsilon=0.09999000000191018 step=945208
2022-04-18 16:56:38,020 episode=370 score=-17.0 avgScore=1.89 bestScore=2.14 epsilon=0.09999000000191018 step=946947
2022-04-18 16:58:26,256 episode=371 score=-1.0 avgScore=1.82 bestScore=2.14 epsilon=0.09999000000191018 step=950474
2022-04-18 17:00:06,476 episode=372 score=-3.0 avgScore=1.85 bestScore=2.14 epsilon=0.09999000000191018 step=953787
2022-04-18 17:01:22,887 episode=373 score=10.0 avgScore=2.02 bestScore=2.14 epsilon=0.09999000000191018 step=956276
2022-04-18 17:03:00,563 episode=374 score=1.0 avgScore=1.96 bestScore=2.14 epsilon=0.09999000000191018 step=959497
2022-04-18 17:04:36,894 episode=375 score=-1.0 avgScore=2.03 bestScore=2.14 epsilon=0.09999000000191018 step=962632
2022-04-18 17:06:14,357 episode=376 score=4.0 avgScore=2.11 bestScore=2.14 epsilon=0.09999000000191018 step=965843
2022-04-18 17:08:02,526 episode=377 score=1.0 avgScore=2.16 bestScore=2.14 epsilon=0.09999000000191018 step=969362
2022-04-18 17:09:27,689 episode=378 score=9.0 avgScore=2.2 bestScore=2.16 epsilon=0.09999000000191018 step=972173
2022-04-18 17:11:05,345 episode=379 score=4.0 avgScore=2.12 bestScore=2.2 epsilon=0.09999000000191018 step=975353
2022-04-18 17:12:40,446 episode=380 score=-2.0 avgScore=2.17 bestScore=2.2 epsilon=0.09999000000191018 step=978500
2022-04-18 17:14:08,856 episode=381 score=5.0 avgScore=2.16 bestScore=2.2 epsilon=0.09999000000191018 step=981384
2022-04-18 17:15:52,009 episode=382 score=-2.0 avgScore=2.17 bestScore=2.2 epsilon=0.09999000000191018 step=984808
2022-04-18 17:17:32,806 episode=383 score=-3.0 avgScore=2.06 bestScore=2.2 epsilon=0.09999000000191018 step=988097
2022-04-18 17:19:12,451 episode=384 score=8.0 avgScore=2.26 bestScore=2.2 epsilon=0.09999000000191018 step=991411
2022-04-18 17:20:46,284 episode=385 score=2.0 avgScore=2.16 bestScore=2.26 epsilon=0.09999000000191018 step=994476
2022-04-18 17:22:20,366 episode=386 score=7.0 avgScore=2.21 bestScore=2.26 epsilon=0.09999000000191018 step=997601
2022-04-18 17:23:38,711 episode=387 score=6.0 avgScore=2.24 bestScore=2.26 epsilon=0.09999000000191018 step=1000162
2022-04-18 17:25:21,679 episode=388 score=5.0 avgScore=2.15 bestScore=2.26 epsilon=0.09999000000191018 step=1003582
2022-04-18 17:27:02,571 episode=389 score=1.0 avgScore=2.08 bestScore=2.26 epsilon=0.09999000000191018 step=1006885
2022-04-18 17:28:39,321 episode=390 score=-5.0 avgScore=2.07 bestScore=2.26 epsilon=0.09999000000191018 step=1010117
2022-04-18 17:30:11,356 episode=391 score=-1.0 avgScore=2.01 bestScore=2.26 epsilon=0.09999000000191018 step=1013127
2022-04-18 17:31:18,255 episode=392 score=12.0 avgScore=2.15 bestScore=2.26 epsilon=0.09999000000191018 step=1015352
2022-04-18 17:32:46,614 episode=393 score=-3.0 avgScore=2.07 bestScore=2.26 epsilon=0.09999000000191018 step=1018235
2022-04-18 17:34:05,580 episode=394 score=10.0 avgScore=2.22 bestScore=2.26 epsilon=0.09999000000191018 step=1020857
2022-04-18 17:35:09,286 episode=395 score=-11.0 avgScore=2.13 bestScore=2.26 epsilon=0.09999000000191018 step=1022938
2022-04-18 17:36:12,116 episode=396 score=-13.0 avgScore=2.05 bestScore=2.26 epsilon=0.09999000000191018 step=1025029
2022-04-18 17:37:43,288 episode=397 score=7.0 avgScore=2.0 bestScore=2.26 epsilon=0.09999000000191018 step=1028004
2022-04-18 17:39:11,023 episode=398 score=-8.0 avgScore=1.96 bestScore=2.26 epsilon=0.09999000000191018 step=1030918
2022-04-18 17:40:32,740 episode=399 score=12.0 avgScore=2.1 bestScore=2.26 epsilon=0.09999000000191018 step=1033582
2022-04-18 17:42:01,307 episode=400 score=5.0 avgScore=2.09 bestScore=2.26 epsilon=0.09999000000191018 step=1036519
2022-04-18 17:43:45,727 episode=401 score=1.0 avgScore=2.12 bestScore=2.26 epsilon=0.09999000000191018 step=1039915
2022-04-18 17:45:04,881 episode=402 score=6.0 avgScore=2.19 bestScore=2.26 epsilon=0.09999000000191018 step=1042537
2022-04-18 17:46:36,532 episode=403 score=-2.0 avgScore=2.12 bestScore=2.26 epsilon=0.09999000000191018 step=1045522
2022-04-18 17:48:06,271 episode=404 score=-1.0 avgScore=2.12 bestScore=2.26 epsilon=0.09999000000191018 step=1048494
2022-04-18 17:49:32,585 episode=405 score=-6.0 avgScore=2.16 bestScore=2.26 epsilon=0.09999000000191018 step=1051302
2022-04-18 17:51:00,416 episode=406 score=9.0 avgScore=2.33 bestScore=2.26 epsilon=0.09999000000191018 step=1054208
2022-04-18 17:52:35,127 episode=407 score=-2.0 avgScore=2.26 bestScore=2.33 epsilon=0.09999000000191018 step=1057292
2022-04-18 17:54:00,589 episode=408 score=6.0 avgScore=2.34 bestScore=2.33 epsilon=0.09999000000191018 step=1060054
2022-04-18 17:55:13,020 episode=409 score=12.0 avgScore=2.48 bestScore=2.34 epsilon=0.09999000000191018 step=1062396
2022-04-18 17:56:52,630 episode=410 score=-1.0 avgScore=2.45 bestScore=2.48 epsilon=0.09999000000191018 step=1065621
2022-04-18 17:58:25,280 episode=411 score=-6.0 avgScore=2.43 bestScore=2.48 epsilon=0.09999000000191018 step=1068626
2022-04-18 17:59:55,176 episode=412 score=-1.0 avgScore=2.44 bestScore=2.48 epsilon=0.09999000000191018 step=1071543
2022-04-18 18:01:26,073 episode=413 score=5.0 avgScore=2.46 bestScore=2.48 epsilon=0.09999000000191018 step=1074492
2022-04-18 18:03:09,130 episode=414 score=1.0 avgScore=2.5 bestScore=2.48 epsilon=0.09999000000191018 step=1077838
2022-04-18 18:04:44,757 episode=415 score=-3.0 avgScore=2.39 bestScore=2.5 epsilon=0.09999000000191018 step=1080958
2022-04-18 18:06:10,590 episode=416 score=-5.0 avgScore=2.2 bestScore=2.5 epsilon=0.09999000000191018 step=1083759
2022-04-18 18:07:42,675 episode=417 score=1.0 avgScore=2.18 bestScore=2.5 epsilon=0.09999000000191018 step=1086765
2022-04-18 18:09:15,812 episode=418 score=7.0 avgScore=2.26 bestScore=2.5 epsilon=0.09999000000191018 step=1089809
2022-04-18 18:10:44,831 episode=419 score=5.0 avgScore=2.36 bestScore=2.5 epsilon=0.09999000000191018 step=1092723
2022-04-18 18:11:52,334 episode=420 score=11.0 avgScore=2.37 bestScore=2.5 epsilon=0.09999000000191018 step=1094927
2022-04-18 18:13:24,477 episode=421 score=1.0 avgScore=2.42 bestScore=2.5 epsilon=0.09999000000191018 step=1097937
2022-04-18 18:14:40,744 episode=422 score=10.0 avgScore=2.43 bestScore=2.5 epsilon=0.09999000000191018 step=1100429
2022-04-18 18:16:03,337 episode=423 score=-5.0 avgScore=2.39 bestScore=2.5 epsilon=0.09999000000191018 step=1103128
2022-04-18 18:17:21,356 episode=424 score=10.0 avgScore=2.38 bestScore=2.5 epsilon=0.09999000000191018 step=1105676
2022-04-18 18:18:39,192 episode=425 score=-7.0 avgScore=2.25 bestScore=2.5 epsilon=0.09999000000191018 step=1108215
2022-04-18 18:20:02,452 episode=426 score=-8.0 avgScore=2.04 bestScore=2.5 epsilon=0.09999000000191018 step=1110933
2022-04-18 18:21:22,939 episode=427 score=4.0 avgScore=2.09 bestScore=2.5 epsilon=0.09999000000191018 step=1113555
2022-04-18 18:22:47,940 episode=428 score=7.0 avgScore=2.26 bestScore=2.5 epsilon=0.09999000000191018 step=1116324
2022-04-18 18:24:07,018 episode=429 score=6.0 avgScore=2.24 bestScore=2.5 epsilon=0.09999000000191018 step=1118900
2022-04-18 18:25:28,983 episode=430 score=-4.0 avgScore=2.19 bestScore=2.5 epsilon=0.09999000000191018 step=1121535
2022-04-18 18:26:57,103 episode=431 score=4.0 avgScore=2.19 bestScore=2.5 epsilon=0.09999000000191018 step=1124369
2022-04-18 18:28:24,492 episode=432 score=2.0 avgScore=2.23 bestScore=2.5 epsilon=0.09999000000191018 step=1127187
2022-04-18 18:29:37,347 episode=433 score=12.0 avgScore=2.29 bestScore=2.5 epsilon=0.09999000000191018 step=1129528
2022-04-18 18:30:55,724 episode=434 score=9.0 avgScore=2.3 bestScore=2.5 epsilon=0.09999000000191018 step=1132035
2022-04-18 18:32:19,806 episode=435 score=-6.0 avgScore=2.16 bestScore=2.5 epsilon=0.09999000000191018 step=1134728
2022-04-18 18:33:34,897 episode=436 score=11.0 avgScore=2.18 bestScore=2.5 epsilon=0.09999000000191018 step=1137137
2022-04-18 18:35:07,262 episode=437 score=6.0 avgScore=2.3 bestScore=2.5 epsilon=0.09999000000191018 step=1140126
2022-04-18 18:36:15,540 episode=438 score=-12.0 avgScore=2.16 bestScore=2.5 epsilon=0.09999000000191018 step=1142320
2022-04-18 18:37:31,076 episode=439 score=-9.0 avgScore=1.99 bestScore=2.5 epsilon=0.09999000000191018 step=1144731
2022-04-18 18:39:06,510 episode=440 score=2.0 avgScore=1.91 bestScore=2.5 epsilon=0.09999000000191018 step=1147829
2022-04-18 18:40:33,404 episode=441 score=6.0 avgScore=1.9 bestScore=2.5 epsilon=0.09999000000191018 step=1150592
2022-04-18 18:42:03,962 episode=442 score=4.0 avgScore=1.9 bestScore=2.5 epsilon=0.09999000000191018 step=1153480
2022-04-18 18:43:47,781 episode=443 score=-1.0 avgScore=1.95 bestScore=2.5 epsilon=0.09999000000191018 step=1156794
2022-04-18 18:45:21,524 episode=444 score=-6.0 avgScore=1.81 bestScore=2.5 epsilon=0.09999000000191018 step=1159822
2022-04-18 18:46:47,962 episode=445 score=6.0 avgScore=1.96 bestScore=2.5 epsilon=0.09999000000191018 step=1162627
2022-04-18 18:48:07,809 episode=446 score=9.0 avgScore=2.02 bestScore=2.5 epsilon=0.09999000000191018 step=1165224
2022-04-18 18:49:24,180 episode=447 score=10.0 avgScore=2.04 bestScore=2.5 epsilon=0.09999000000191018 step=1167710
2022-04-18 18:51:00,912 episode=448 score=-2.0 avgScore=1.98 bestScore=2.5 epsilon=0.09999000000191018 step=1170854
2022-04-18 18:52:30,863 episode=449 score=5.0 avgScore=2.05 bestScore=2.5 epsilon=0.09999000000191018 step=1173780
2022-04-18 18:53:57,289 episode=450 score=7.0 avgScore=2.02 bestScore=2.5 epsilon=0.09999000000191018 step=1176585
2022-04-18 18:55:21,702 episode=451 score=6.0 avgScore=2.16 bestScore=2.5 epsilon=0.09999000000191018 step=1179330
2022-04-18 18:57:01,225 episode=452 score=-1.0 avgScore=2.11 bestScore=2.5 epsilon=0.09999000000191018 step=1182582
2022-04-18 18:58:18,234 episode=453 score=-10.0 avgScore=1.88 bestScore=2.5 epsilon=0.09999000000191018 step=1185102
2022-04-18 19:00:05,014 episode=454 score=-1.0 avgScore=1.92 bestScore=2.5 epsilon=0.09999000000191018 step=1188593
2022-04-18 19:01:21,031 episode=455 score=10.0 avgScore=1.91 bestScore=2.5 epsilon=0.09999000000191018 step=1191074
2022-04-18 19:02:29,414 episode=456 score=12.0 avgScore=1.93 bestScore=2.5 epsilon=0.09999000000191018 step=1193302
2022-04-18 19:03:42,474 episode=457 score=-10.0 avgScore=1.76 bestScore=2.5 epsilon=0.09999000000191018 step=1195687
2022-04-18 19:05:09,963 episode=458 score=3.0 avgScore=1.69 bestScore=2.5 epsilon=0.09999000000191018 step=1198548
2022-04-18 19:06:31,083 episode=459 score=12.0 avgScore=1.91 bestScore=2.5 epsilon=0.09999000000191018 step=1201192
2022-04-18 19:07:43,967 episode=460 score=12.0 avgScore=2.02 bestScore=2.5 epsilon=0.09999000000191018 step=1203574
2022-04-18 19:09:14,681 episode=461 score=-2.0 avgScore=1.9 bestScore=2.5 epsilon=0.09999000000191018 step=1206533
2022-04-18 19:10:39,412 episode=462 score=7.0 avgScore=1.94 bestScore=2.5 epsilon=0.09999000000191018 step=1209301
2022-04-18 19:11:49,660 episode=463 score=13.0 avgScore=2.09 bestScore=2.5 epsilon=0.09999000000191018 step=1211588
2022-04-18 19:13:12,650 episode=464 score=-1.0 avgScore=2.02 bestScore=2.5 epsilon=0.09999000000191018 step=1214289
2022-04-18 19:14:43,381 episode=465 score=-5.0 avgScore=2.01 bestScore=2.5 epsilon=0.09999000000191018 step=1217239
2022-04-18 19:16:15,132 episode=466 score=3.0 avgScore=1.95 bestScore=2.5 epsilon=0.09999000000191018 step=1220223
2022-04-18 19:17:53,199 episode=467 score=-1.0 avgScore=1.98 bestScore=2.5 epsilon=0.09999000000191018 step=1223411
2022-04-18 19:19:19,455 episode=468 score=6.0 avgScore=2.06 bestScore=2.5 epsilon=0.09999000000191018 step=1226211
2022-04-18 19:20:27,295 episode=469 score=13.0 avgScore=2.13 bestScore=2.5 epsilon=0.09999000000191018 step=1228418
2022-04-18 19:21:35,933 episode=470 score=-12.0 avgScore=2.18 bestScore=2.5 epsilon=0.09999000000191018 step=1230649
2022-04-18 19:23:11,949 episode=471 score=-3.0 avgScore=2.16 bestScore=2.5 epsilon=0.09999000000191018 step=1233758
2022-04-18 19:24:51,728 episode=472 score=-1.0 avgScore=2.18 bestScore=2.5 epsilon=0.09999000000191018 step=1236990
2022-04-18 19:26:07,846 episode=473 score=10.0 avgScore=2.18 bestScore=2.5 epsilon=0.09999000000191018 step=1239459
2022-04-18 19:27:27,528 episode=474 score=11.0 avgScore=2.28 bestScore=2.5 epsilon=0.09999000000191018 step=1242041
2022-04-18 19:28:41,831 episode=475 score=13.0 avgScore=2.42 bestScore=2.5 epsilon=0.09999000000191018 step=1244452
2022-04-18 19:29:46,461 episode=476 score=-12.0 avgScore=2.26 bestScore=2.5 epsilon=0.09999000000191018 step=1246545
2022-04-18 19:31:11,108 episode=477 score=6.0 avgScore=2.31 bestScore=2.5 epsilon=0.09999000000191018 step=1249289
2022-04-18 19:32:35,232 episode=478 score=-5.0 avgScore=2.17 bestScore=2.5 epsilon=0.09999000000191018 step=1252008
2022-04-18 19:34:00,817 episode=479 score=-3.0 avgScore=2.1 bestScore=2.5 epsilon=0.09999000000191018 step=1254780
2022-04-18 19:35:27,535 episode=480 score=7.0 avgScore=2.19 bestScore=2.5 epsilon=0.09999000000191018 step=1257555
2022-04-18 19:37:11,630 episode=481 score=1.0 avgScore=2.15 bestScore=2.5 epsilon=0.09999000000191018 step=1260868
2022-04-18 19:38:31,455 episode=482 score=11.0 avgScore=2.28 bestScore=2.5 epsilon=0.09999000000191018 step=1263409
2022-04-18 19:40:06,504 episode=483 score=5.0 avgScore=2.36 bestScore=2.5 epsilon=0.09999000000191018 step=1266454
2022-04-18 19:41:41,352 episode=484 score=-3.0 avgScore=2.25 bestScore=2.5 epsilon=0.09999000000191018 step=1269508
2022-04-18 19:43:06,630 episode=485 score=-4.0 avgScore=2.19 bestScore=2.5 epsilon=0.09999000000191018 step=1272257
2022-04-18 19:44:20,205 episode=486 score=11.0 avgScore=2.23 bestScore=2.5 epsilon=0.09999000000191018 step=1274635
2022-04-18 19:45:54,130 episode=487 score=3.0 avgScore=2.2 bestScore=2.5 epsilon=0.09999000000191018 step=1277671
2022-04-18 19:47:21,867 episode=488 score=8.0 avgScore=2.23 bestScore=2.5 epsilon=0.09999000000191018 step=1280490
2022-04-18 19:48:55,264 episode=489 score=5.0 avgScore=2.27 bestScore=2.5 epsilon=0.09999000000191018 step=1283491
2022-04-18 19:50:14,297 episode=490 score=13.0 avgScore=2.45 bestScore=2.5 epsilon=0.09999000000191018 step=1286029
2022-04-18 19:51:49,362 episode=491 score=1.0 avgScore=2.47 bestScore=2.5 epsilon=0.09999000000191018 step=1289080
2022-04-18 19:53:29,885 episode=492 score=4.0 avgScore=2.39 bestScore=2.5 epsilon=0.09999000000191018 step=1292311
2022-04-18 19:54:54,749 episode=493 score=7.0 avgScore=2.49 bestScore=2.5 epsilon=0.09999000000191018 step=1295047
2022-04-18 19:56:13,033 episode=494 score=10.0 avgScore=2.49 bestScore=2.5 epsilon=0.09999000000191018 step=1297571
2022-04-18 19:57:32,778 episode=495 score=7.0 avgScore=2.67 bestScore=2.5 epsilon=0.09999000000191018 step=1300138
2022-04-18 19:59:06,111 episode=496 score=7.0 avgScore=2.87 bestScore=2.67 epsilon=0.09999000000191018 step=1303144
2022-04-18 20:00:23,765 episode=497 score=12.0 avgScore=2.92 bestScore=2.87 epsilon=0.09999000000191018 step=1305651
2022-04-18 20:01:53,086 episode=498 score=7.0 avgScore=3.07 bestScore=2.92 epsilon=0.09999000000191018 step=1308531
2022-04-18 20:03:15,411 episode=499 score=4.0 avgScore=2.99 bestScore=3.07 epsilon=0.09999000000191018 step=1311179
