episode=0 score=-20.0 avgScore=-20.0 bestScore=-inf epsilon=0.9903800000000438 step=993
Saving: DDQN_eval_eval ...
Saving: DDQN_target_eval ...
episode=1 score=-21.0 avgScore=-20.5 bestScore=-20.0 epsilon=0.9813400000000849 step=1897
episode=2 score=-20.0 avgScore=-20.333333333333332 bestScore=-20.0 epsilon=0.972310000000126 step=2800
episode=3 score=-20.0 avgScore=-20.25 bestScore=-20.0 epsilon=0.9638800000001644 step=3643
episode=4 score=-21.0 avgScore=-20.4 bestScore=-20.0 epsilon=0.9551400000002042 step=4517
episode=5 score=-21.0 avgScore=-20.5 bestScore=-20.0 epsilon=0.9472100000002402 step=5310
episode=6 score=-18.0 avgScore=-20.142857142857142 bestScore=-20.0 epsilon=0.9356500000002929 step=6466
episode=7 score=-20.0 avgScore=-20.125 bestScore=-20.0 epsilon=0.9256100000003386 step=7470
episode=8 score=-21.0 avgScore=-20.22222222222222 bestScore=-20.0 epsilon=0.9170800000003774 step=8323
episode=9 score=-21.0 avgScore=-20.3 bestScore=-20.0 epsilon=0.9064500000004257 step=9386
episode=10 score=-20.0 avgScore=-20.272727272727273 bestScore=-20.0 epsilon=0.8972700000004675 step=10304
episode=11 score=-21.0 avgScore=-20.333333333333332 bestScore=-20.0 epsilon=0.8881400000005091 step=11217
episode=12 score=-21.0 avgScore=-20.384615384615383 bestScore=-20.0 epsilon=0.8799100000005465 step=12040
episode=13 score=-18.0 avgScore=-20.214285714285715 bestScore=-20.0 epsilon=0.8694500000005941 step=13086
episode=14 score=-20.0 avgScore=-20.2 bestScore=-20.0 epsilon=0.8587600000006428 step=14155
episode=15 score=-20.0 avgScore=-20.1875 bestScore=-20.0 epsilon=0.8498500000006833 step=15046
episode=16 score=-21.0 avgScore=-20.235294117647058 bestScore=-20.0 epsilon=0.8419100000007195 step=15840
episode=17 score=-20.0 avgScore=-20.22222222222222 bestScore=-20.0 epsilon=0.8330200000007599 step=16729
episode=18 score=-21.0 avgScore=-20.263157894736842 bestScore=-20.0 epsilon=0.8247700000007975 step=17554
episode=19 score=-20.0 avgScore=-20.25 bestScore=-20.0 epsilon=0.8163500000008358 step=18396
episode=20 score=-20.0 avgScore=-20.238095238095237 bestScore=-20.0 epsilon=0.8072000000008774 step=19311
episode=21 score=-20.0 avgScore=-20.227272727272727 bestScore=-20.0 epsilon=0.7973000000009225 step=20301
episode=22 score=-21.0 avgScore=-20.26086956521739 bestScore=-20.0 epsilon=0.7883100000009634 step=21200
episode=23 score=-18.0 avgScore=-20.166666666666668 bestScore=-20.0 epsilon=0.7762200000010184 step=22409
episode=24 score=-21.0 avgScore=-20.2 bestScore=-20.0 epsilon=0.7668100000010613 step=23350
episode=25 score=-20.0 avgScore=-20.192307692307693 bestScore=-20.0 epsilon=0.7551300000011144 step=24518
episode=26 score=-19.0 avgScore=-20.14814814814815 bestScore=-20.0 epsilon=0.745330000001159 step=25498
episode=27 score=-19.0 avgScore=-20.107142857142858 bestScore=-20.0 epsilon=0.7329300000012154 step=26738
episode=28 score=-20.0 avgScore=-20.103448275862068 bestScore=-20.0 epsilon=0.7227800000012616 step=27753
episode=29 score=-21.0 avgScore=-20.133333333333333 bestScore=-20.0 epsilon=0.7137900000013025 step=28652
episode=30 score=-20.0 avgScore=-20.129032258064516 bestScore=-20.0 epsilon=0.702480000001354 step=29783
episode=31 score=-17.0 avgScore=-20.03125 bestScore=-20.0 epsilon=0.6879200000014203 step=31239
episode=32 score=-21.0 avgScore=-20.060606060606062 bestScore=-20.0 epsilon=0.6779400000014657 step=32237
episode=33 score=-20.0 avgScore=-20.058823529411764 bestScore=-20.0 epsilon=0.6652600000015234 step=33505
episode=34 score=-19.0 avgScore=-20.02857142857143 bestScore=-20.0 epsilon=0.6544500000015726 step=34586
episode=35 score=-20.0 avgScore=-20.02777777777778 bestScore=-20.0 epsilon=0.6421100000016288 step=35820
episode=36 score=-19.0 avgScore=-20.0 bestScore=-20.0 epsilon=0.6296900000016853 step=37062
episode=37 score=-18.0 avgScore=-19.94736842105263 bestScore=-20.0 epsilon=0.6144500000017546 step=38586
Saving: DDQN_eval_eval ...
Saving: DDQN_target_eval ...
episode=38 score=-21.0 avgScore=-19.974358974358974 bestScore=-19.94736842105263 epsilon=0.6041000000018018 step=39621
episode=39 score=-18.0 avgScore=-19.925 bestScore=-19.94736842105263 epsilon=0.5880500000018748 step=41226
Saving: DDQN_eval_eval ...
Saving: DDQN_target_eval ...
episode=40 score=-14.0 avgScore=-19.78048780487805 bestScore=-19.925 epsilon=0.5714100000019505 step=42890
Saving: DDQN_eval_eval ...
Saving: DDQN_target_eval ...
episode=41 score=-19.0 avgScore=-19.761904761904763 bestScore=-19.78048780487805 epsilon=0.5589200000020074 step=44139
Saving: DDQN_eval_eval ...
Saving: DDQN_target_eval ...
episode=42 score=-19.0 avgScore=-19.74418604651163 bestScore=-19.761904761904763 epsilon=0.5459500000020664 step=45436
Saving: DDQN_eval_eval ...
Saving: DDQN_target_eval ...
episode=43 score=-19.0 avgScore=-19.727272727272727 bestScore=-19.74418604651163 epsilon=0.5311600000021337 step=46915
Saving: DDQN_eval_eval ...
Saving: DDQN_target_eval ...
episode=44 score=-17.0 avgScore=-19.666666666666668 bestScore=-19.727272727272727 epsilon=0.5151500000022066 step=48516
Saving: DDQN_eval_eval ...
Saving: DDQN_target_eval ...
episode=45 score=-18.0 avgScore=-19.630434782608695 bestScore=-19.666666666666668 epsilon=0.5024200000022645 step=49789
Saving: DDQN_eval_eval ...
Saving: DDQN_target_eval ...
episode=46 score=-19.0 avgScore=-19.617021276595743 bestScore=-19.630434782608695 epsilon=0.4858800000022614 step=51443
Saving: DDQN_eval_eval ...
Saving: DDQN_target_eval ...
episode=47 score=-13.0 avgScore=-19.479166666666668 bestScore=-19.617021276595743 epsilon=0.4664000000022419 step=53391
Saving: DDQN_eval_eval ...
Saving: DDQN_target_eval ...
episode=48 score=-18.0 avgScore=-19.448979591836736 bestScore=-19.479166666666668 epsilon=0.4516800000022272 step=54863
Saving: DDQN_eval_eval ...
Saving: DDQN_target_eval ...
episode=49 score=-18.0 avgScore=-19.42 bestScore=-19.448979591836736 epsilon=0.4337200000022092 step=56659
Saving: DDQN_eval_eval ...
Saving: DDQN_target_eval ...
episode=50 score=-20.0 avgScore=-19.431372549019606 bestScore=-19.42 epsilon=0.41923000000219474 step=58108
episode=51 score=-18.0 avgScore=-19.403846153846153 bestScore=-19.42 epsilon=0.403490000002179 step=59682
Saving: DDQN_eval_eval ...
Saving: DDQN_target_eval ...
episode=52 score=-18.0 avgScore=-19.37735849056604 bestScore=-19.403846153846153 epsilon=0.3842200000021597 step=61609
Saving: DDQN_eval_eval ...
Saving: DDQN_target_eval ...
episode=53 score=-17.0 avgScore=-19.333333333333332 bestScore=-19.37735849056604 epsilon=0.3674100000021429 step=63290
Saving: DDQN_eval_eval ...
Saving: DDQN_target_eval ...
episode=54 score=-17.0 avgScore=-19.29090909090909 bestScore=-19.333333333333332 epsilon=0.3493200000021248 step=65099
Saving: DDQN_eval_eval ...
Saving: DDQN_target_eval ...
episode=55 score=-16.0 avgScore=-19.232142857142858 bestScore=-19.29090909090909 epsilon=0.33097000000210647 step=66934
Saving: DDQN_eval_eval ...
Saving: DDQN_target_eval ...
episode=56 score=-14.0 avgScore=-19.140350877192983 bestScore=-19.232142857142858 epsilon=0.3105900000020861 step=68972
Saving: DDQN_eval_eval ...
Saving: DDQN_target_eval ...
episode=57 score=-18.0 avgScore=-19.120689655172413 bestScore=-19.140350877192983 epsilon=0.2941900000020697 step=70612
Saving: DDQN_eval_eval ...
Saving: DDQN_target_eval ...
episode=58 score=-18.0 avgScore=-19.10169491525424 bestScore=-19.120689655172413 epsilon=0.27634000000205183 step=72397
Saving: DDQN_eval_eval ...
Saving: DDQN_target_eval ...
episode=59 score=-12.0 avgScore=-18.983333333333334 bestScore=-19.10169491525424 epsilon=0.24813000000202362 step=75218
Saving: DDQN_eval_eval ...
Saving: DDQN_target_eval ...
episode=60 score=-16.0 avgScore=-18.934426229508198 bestScore=-18.983333333333334 epsilon=0.23138000000200687 step=76893
Saving: DDQN_eval_eval ...
Saving: DDQN_target_eval ...
episode=61 score=-17.0 avgScore=-18.903225806451612 bestScore=-18.934426229508198 epsilon=0.2108100000019863 step=78950
Saving: DDQN_eval_eval ...
Saving: DDQN_target_eval ...
episode=62 score=-15.0 avgScore=-18.841269841269842 bestScore=-18.903225806451612 epsilon=0.19080000000196629 step=80951
Saving: DDQN_eval_eval ...
Saving: DDQN_target_eval ...
episode=63 score=-14.0 avgScore=-18.765625 bestScore=-18.841269841269842 epsilon=0.16268000000193816 step=83763
Saving: DDQN_eval_eval ...
Saving: DDQN_target_eval ...
episode=64 score=-18.0 avgScore=-18.753846153846155 bestScore=-18.765625 epsilon=0.14444000000191992 step=85587
Saving: DDQN_eval_eval ...
Saving: DDQN_target_eval ...
episode=65 score=-10.0 avgScore=-18.62121212121212 bestScore=-18.753846153846155 epsilon=0.1164200000019038 step=88389
Saving: DDQN_eval_eval ...
Saving: DDQN_target_eval ...
episode=66 score=-11.0 avgScore=-18.507462686567163 bestScore=-18.62121212121212 epsilon=0.09999000000191018 step=91382
Saving: DDQN_eval_eval ...
Saving: DDQN_target_eval ...
episode=67 score=-15.0 avgScore=-18.455882352941178 bestScore=-18.507462686567163 epsilon=0.09999000000191018 step=93831
Saving: DDQN_eval_eval ...
Saving: DDQN_target_eval ...
episode=68 score=-17.0 avgScore=-18.434782608695652 bestScore=-18.455882352941178 epsilon=0.09999000000191018 step=95934
Saving: DDQN_eval_eval ...
Saving: DDQN_target_eval ...
episode=69 score=-13.0 avgScore=-18.357142857142858 bestScore=-18.434782608695652 epsilon=0.09999000000191018 step=98201
Saving: DDQN_eval_eval ...
Saving: DDQN_target_eval ...
episode=70 score=-5.0 avgScore=-18.169014084507044 bestScore=-18.357142857142858 epsilon=0.09999000000191018 step=101237
Saving: DDQN_eval_eval ...
Saving: DDQN_target_eval ...
episode=71 score=-6.0 avgScore=-18.0 bestScore=-18.169014084507044 epsilon=0.09999000000191018 step=104823
Saving: DDQN_eval_eval ...
Saving: DDQN_target_eval ...
episode=72 score=-2.0 avgScore=-17.78082191780822 bestScore=-18.0 epsilon=0.09999000000191018 step=108362
Saving: DDQN_eval_eval ...
Saving: DDQN_target_eval ...
episode=73 score=-12.0 avgScore=-17.7027027027027 bestScore=-17.78082191780822 epsilon=0.09999000000191018 step=110981
Saving: DDQN_eval_eval ...
Saving: DDQN_target_eval ...
episode=74 score=-8.0 avgScore=-17.573333333333334 bestScore=-17.7027027027027 epsilon=0.09999000000191018 step=113834
Saving: DDQN_eval_eval ...
Saving: DDQN_target_eval ...
episode=75 score=-10.0 avgScore=-17.473684210526315 bestScore=-17.573333333333334 epsilon=0.09999000000191018 step=116569
Saving: DDQN_eval_eval ...
Saving: DDQN_target_eval ...
episode=76 score=-10.0 avgScore=-17.376623376623378 bestScore=-17.473684210526315 epsilon=0.09999000000191018 step=119415
Saving: DDQN_eval_eval ...
Saving: DDQN_target_eval ...
episode=77 score=-7.0 avgScore=-17.243589743589745 bestScore=-17.376623376623378 epsilon=0.09999000000191018 step=122567
Saving: DDQN_eval_eval ...
Saving: DDQN_target_eval ...
episode=78 score=-5.0 avgScore=-17.088607594936708 bestScore=-17.243589743589745 epsilon=0.09999000000191018 step=125680
Saving: DDQN_eval_eval ...
Saving: DDQN_target_eval ...
episode=79 score=-5.0 avgScore=-16.9375 bestScore=-17.088607594936708 epsilon=0.09999000000191018 step=129340
Saving: DDQN_eval_eval ...
Saving: DDQN_target_eval ...
episode=80 score=-10.0 avgScore=-16.85185185185185 bestScore=-16.9375 epsilon=0.09999000000191018 step=132057
Saving: DDQN_eval_eval ...
Saving: DDQN_target_eval ...
episode=81 score=-3.0 avgScore=-16.682926829268293 bestScore=-16.85185185185185 epsilon=0.09999000000191018 step=135895
Saving: DDQN_eval_eval ...
Saving: DDQN_target_eval ...
episode=82 score=10.0 avgScore=-16.36144578313253 bestScore=-16.682926829268293 epsilon=0.09999000000191018 step=139036
Saving: DDQN_eval_eval ...
Saving: DDQN_target_eval ...
episode=83 score=-6.0 avgScore=-16.238095238095237 bestScore=-16.36144578313253 epsilon=0.09999000000191018 step=142021
Saving: DDQN_eval_eval ...
Saving: DDQN_target_eval ...
episode=84 score=-8.0 avgScore=-16.141176470588235 bestScore=-16.238095238095237 epsilon=0.09999000000191018 step=145254
Saving: DDQN_eval_eval ...
Saving: DDQN_target_eval ...
episode=85 score=-3.0 avgScore=-15.988372093023257 bestScore=-16.141176470588235 epsilon=0.09999000000191018 step=149020
Saving: DDQN_eval_eval ...
Saving: DDQN_target_eval ...
episode=86 score=5.0 avgScore=-15.74712643678161 bestScore=-15.988372093023257 epsilon=0.09999000000191018 step=151993
Saving: DDQN_eval_eval ...
Saving: DDQN_target_eval ...
episode=87 score=-13.0 avgScore=-15.715909090909092 bestScore=-15.74712643678161 epsilon=0.09999000000191018 step=154021
Saving: DDQN_eval_eval ...
Saving: DDQN_target_eval ...
episode=88 score=5.0 avgScore=-15.48314606741573 bestScore=-15.715909090909092 epsilon=0.09999000000191018 step=157058
Saving: DDQN_eval_eval ...
Saving: DDQN_target_eval ...
episode=89 score=8.0 avgScore=-15.222222222222221 bestScore=-15.48314606741573 epsilon=0.09999000000191018 step=160182
Saving: DDQN_eval_eval ...
Saving: DDQN_target_eval ...
episode=90 score=7.0 avgScore=-14.978021978021978 bestScore=-15.222222222222221 epsilon=0.09999000000191018 step=163292
Saving: DDQN_eval_eval ...
Saving: DDQN_target_eval ...
episode=91 score=8.0 avgScore=-14.728260869565217 bestScore=-14.978021978021978 epsilon=0.09999000000191018 step=166388
Saving: DDQN_eval_eval ...
Saving: DDQN_target_eval ...
episode=92 score=-2.0 avgScore=-14.591397849462366 bestScore=-14.728260869565217 epsilon=0.09999000000191018 step=169765
Saving: DDQN_eval_eval ...
Saving: DDQN_target_eval ...
episode=93 score=-5.0 avgScore=-14.48936170212766 bestScore=-14.591397849462366 epsilon=0.09999000000191018 step=172654
Saving: DDQN_eval_eval ...
Saving: DDQN_target_eval ...
episode=94 score=6.0 avgScore=-14.273684210526316 bestScore=-14.48936170212766 epsilon=0.09999000000191018 step=176093
Saving: DDQN_eval_eval ...
Saving: DDQN_target_eval ...
episode=95 score=3.0 avgScore=-14.09375 bestScore=-14.273684210526316 epsilon=0.09999000000191018 step=178866
Saving: DDQN_eval_eval ...
Saving: DDQN_target_eval ...
episode=96 score=-3.0 avgScore=-13.97938144329897 bestScore=-14.09375 epsilon=0.09999000000191018 step=182506
Saving: DDQN_eval_eval ...
Saving: DDQN_target_eval ...
episode=97 score=9.0 avgScore=-13.744897959183673 bestScore=-13.97938144329897 epsilon=0.09999000000191018 step=185374
Saving: DDQN_eval_eval ...
Saving: DDQN_target_eval ...
episode=98 score=14.0 avgScore=-13.464646464646465 bestScore=-13.744897959183673 epsilon=0.09999000000191018 step=187666
Saving: DDQN_eval_eval ...
Saving: DDQN_target_eval ...
episode=99 score=9.0 avgScore=-13.24 bestScore=-13.464646464646465 epsilon=0.09999000000191018 step=190354
Saving: DDQN_eval_eval ...
Saving: DDQN_target_eval ...
episode=100 score=14.0 avgScore=-12.9 bestScore=-13.24 epsilon=0.09999000000191018 step=192684
Saving: DDQN_eval_eval ...
Saving: DDQN_target_eval ...
episode=101 score=8.0 avgScore=-12.61 bestScore=-12.9 epsilon=0.09999000000191018 step=195703
Saving: DDQN_eval_eval ...
Saving: DDQN_target_eval ...
episode=102 score=9.0 avgScore=-12.32 bestScore=-12.61 epsilon=0.09999000000191018 step=198579
Saving: DDQN_eval_eval ...
Saving: DDQN_target_eval ...
episode=103 score=11.0 avgScore=-12.01 bestScore=-12.32 epsilon=0.09999000000191018 step=201286
Saving: DDQN_eval_eval ...
Saving: DDQN_target_eval ...
episode=104 score=19.0 avgScore=-11.61 bestScore=-12.01 epsilon=0.09999000000191018 step=203142
Saving: DDQN_eval_eval ...
Saving: DDQN_target_eval ...
episode=105 score=10.0 avgScore=-11.3 bestScore=-11.61 epsilon=0.09999000000191018 step=205895
Saving: DDQN_eval_eval ...
Saving: DDQN_target_eval ...
episode=106 score=17.0 avgScore=-10.95 bestScore=-11.3 epsilon=0.09999000000191018 step=207991
Saving: DDQN_eval_eval ...
Saving: DDQN_target_eval ...
episode=107 score=13.0 avgScore=-10.62 bestScore=-10.95 epsilon=0.09999000000191018 step=210371
Saving: DDQN_eval_eval ...
Saving: DDQN_target_eval ...
episode=108 score=4.0 avgScore=-10.37 bestScore=-10.62 epsilon=0.09999000000191018 step=213544
Saving: DDQN_eval_eval ...
Saving: DDQN_target_eval ...
episode=109 score=16.0 avgScore=-10.0 bestScore=-10.37 epsilon=0.09999000000191018 step=215748
Saving: DDQN_eval_eval ...
Saving: DDQN_target_eval ...
episode=110 score=12.0 avgScore=-9.68 bestScore=-10.0 epsilon=0.09999000000191018 step=218079
Saving: DDQN_eval_eval ...
Saving: DDQN_target_eval ...
episode=111 score=5.0 avgScore=-9.42 bestScore=-9.68 epsilon=0.09999000000191018 step=221784
Saving: DDQN_eval_eval ...
Saving: DDQN_target_eval ...
episode=112 score=19.0 avgScore=-9.02 bestScore=-9.42 epsilon=0.09999000000191018 step=223637
Saving: DDQN_eval_eval ...
Saving: DDQN_target_eval ...
episode=113 score=12.0 avgScore=-8.72 bestScore=-9.02 epsilon=0.09999000000191018 step=226237
Saving: DDQN_eval_eval ...
Saving: DDQN_target_eval ...
episode=114 score=14.0 avgScore=-8.38 bestScore=-8.72 epsilon=0.09999000000191018 step=228500
Saving: DDQN_eval_eval ...
Saving: DDQN_target_eval ...
episode=115 score=11.0 avgScore=-8.07 bestScore=-8.38 epsilon=0.09999000000191018 step=230826
Saving: DDQN_eval_eval ...
Saving: DDQN_target_eval ...
episode=116 score=16.0 avgScore=-7.7 bestScore=-8.07 epsilon=0.09999000000191018 step=233109
Saving: DDQN_eval_eval ...
Saving: DDQN_target_eval ...
episode=117 score=15.0 avgScore=-7.35 bestScore=-7.7 epsilon=0.09999000000191018 step=235233
Saving: DDQN_eval_eval ...
Saving: DDQN_target_eval ...
episode=118 score=6.0 avgScore=-7.08 bestScore=-7.35 epsilon=0.09999000000191018 step=238175
Saving: DDQN_eval_eval ...
Saving: DDQN_target_eval ...
episode=119 score=12.0 avgScore=-6.76 bestScore=-7.08 epsilon=0.09999000000191018 step=240524
Saving: DDQN_eval_eval ...
Saving: DDQN_target_eval ...
episode=120 score=8.0 avgScore=-6.48 bestScore=-6.76 epsilon=0.09999000000191018 step=243191
Saving: DDQN_eval_eval ...
Saving: DDQN_target_eval ...
episode=121 score=15.0 avgScore=-6.13 bestScore=-6.48 epsilon=0.09999000000191018 step=245431
Saving: DDQN_eval_eval ...
Saving: DDQN_target_eval ...
episode=122 score=11.0 avgScore=-5.81 bestScore=-6.13 epsilon=0.09999000000191018 step=248056
Saving: DDQN_eval_eval ...
Saving: DDQN_target_eval ...
episode=123 score=15.0 avgScore=-5.48 bestScore=-5.81 epsilon=0.09999000000191018 step=250293
Saving: DDQN_eval_eval ...
Saving: DDQN_target_eval ...
episode=124 score=6.0 avgScore=-5.21 bestScore=-5.48 epsilon=0.09999000000191018 step=253088
Saving: DDQN_eval_eval ...
Saving: DDQN_target_eval ...
episode=125 score=16.0 avgScore=-4.85 bestScore=-5.21 epsilon=0.09999000000191018 step=255264
Saving: DDQN_eval_eval ...
Saving: DDQN_target_eval ...
episode=126 score=13.0 avgScore=-4.53 bestScore=-4.85 epsilon=0.09999000000191018 step=257497
Saving: DDQN_eval_eval ...
Saving: DDQN_target_eval ...
episode=127 score=10.0 avgScore=-4.24 bestScore=-4.53 epsilon=0.09999000000191018 step=260099
Saving: DDQN_eval_eval ...
Saving: DDQN_target_eval ...
episode=128 score=7.0 avgScore=-3.97 bestScore=-4.24 epsilon=0.09999000000191018 step=262722
Saving: DDQN_eval_eval ...
Saving: DDQN_target_eval ...
episode=129 score=10.0 avgScore=-3.66 bestScore=-3.97 epsilon=0.09999000000191018 step=265234
Saving: DDQN_eval_eval ...
Saving: DDQN_target_eval ...
episode=130 score=19.0 avgScore=-3.27 bestScore=-3.66 epsilon=0.09999000000191018 step=267073
Saving: DDQN_eval_eval ...
Saving: DDQN_target_eval ...
episode=131 score=14.0 avgScore=-2.96 bestScore=-3.27 epsilon=0.09999000000191018 step=269288
Saving: DDQN_eval_eval ...
Saving: DDQN_target_eval ...
episode=132 score=9.0 avgScore=-2.66 bestScore=-2.96 epsilon=0.09999000000191018 step=271748
Saving: DDQN_eval_eval ...
Saving: DDQN_target_eval ...
episode=133 score=11.0 avgScore=-2.35 bestScore=-2.66 epsilon=0.09999000000191018 step=274038
Saving: DDQN_eval_eval ...
Saving: DDQN_target_eval ...
episode=134 score=10.0 avgScore=-2.06 bestScore=-2.35 epsilon=0.09999000000191018 step=276523
Saving: DDQN_eval_eval ...
Saving: DDQN_target_eval ...
episode=135 score=13.0 avgScore=-1.73 bestScore=-2.06 epsilon=0.09999000000191018 step=279061
Saving: DDQN_eval_eval ...
Saving: DDQN_target_eval ...
episode=136 score=13.0 avgScore=-1.41 bestScore=-1.73 epsilon=0.09999000000191018 step=281459
Saving: DDQN_eval_eval ...
Saving: DDQN_target_eval ...
episode=137 score=7.0 avgScore=-1.16 bestScore=-1.41 epsilon=0.09999000000191018 step=284300
Saving: DDQN_eval_eval ...
Saving: DDQN_target_eval ...
episode=138 score=15.0 avgScore=-0.8 bestScore=-1.16 epsilon=0.09999000000191018 step=286622
Saving: DDQN_eval_eval ...
Saving: DDQN_target_eval ...
episode=139 score=15.0 avgScore=-0.47 bestScore=-0.8 epsilon=0.09999000000191018 step=288817
Saving: DDQN_eval_eval ...
Saving: DDQN_target_eval ...
episode=140 score=14.0 avgScore=-0.19 bestScore=-0.47 epsilon=0.09999000000191018 step=291101
Saving: DDQN_eval_eval ...
Saving: DDQN_target_eval ...
episode=141 score=15.0 avgScore=0.15 bestScore=-0.19 epsilon=0.09999000000191018 step=293343
Saving: DDQN_eval_eval ...
Saving: DDQN_target_eval ...
episode=142 score=14.0 avgScore=0.48 bestScore=0.15 epsilon=0.09999000000191018 step=295698
Saving: DDQN_eval_eval ...
Saving: DDQN_target_eval ...
episode=143 score=13.0 avgScore=0.8 bestScore=0.48 epsilon=0.09999000000191018 step=298089
Saving: DDQN_eval_eval ...
Saving: DDQN_target_eval ...
episode=144 score=15.0 avgScore=1.12 bestScore=0.8 epsilon=0.09999000000191018 step=300493
Saving: DDQN_eval_eval ...
Saving: DDQN_target_eval ...
episode=145 score=13.0 avgScore=1.43 bestScore=1.12 epsilon=0.09999000000191018 step=302871
Saving: DDQN_eval_eval ...
Saving: DDQN_target_eval ...
episode=146 score=15.0 avgScore=1.77 bestScore=1.43 epsilon=0.09999000000191018 step=305241
Saving: DDQN_eval_eval ...
Saving: DDQN_target_eval ...
episode=147 score=13.0 avgScore=2.03 bestScore=1.77 epsilon=0.09999000000191018 step=307679
Saving: DDQN_eval_eval ...
Saving: DDQN_target_eval ...
episode=148 score=7.0 avgScore=2.28 bestScore=2.03 epsilon=0.09999000000191018 step=310563
Saving: DDQN_eval_eval ...
Saving: DDQN_target_eval ...
episode=149 score=16.0 avgScore=2.62 bestScore=2.28 epsilon=0.09999000000191018 step=312704
Saving: DDQN_eval_eval ...
Saving: DDQN_target_eval ...
episode=150 score=3.0 avgScore=2.85 bestScore=2.62 epsilon=0.09999000000191018 step=315613
Saving: DDQN_eval_eval ...
Saving: DDQN_target_eval ...
episode=151 score=3.0 avgScore=3.06 bestScore=2.85 epsilon=0.09999000000191018 step=318972
Saving: DDQN_eval_eval ...
Saving: DDQN_target_eval ...
episode=152 score=14.0 avgScore=3.38 bestScore=3.06 epsilon=0.09999000000191018 step=321247
Saving: DDQN_eval_eval ...
Saving: DDQN_target_eval ...
episode=153 score=15.0 avgScore=3.7 bestScore=3.38 epsilon=0.09999000000191018 step=323462
Saving: DDQN_eval_eval ...
Saving: DDQN_target_eval ...
episode=154 score=16.0 avgScore=4.03 bestScore=3.7 epsilon=0.09999000000191018 step=325795
Saving: DDQN_eval_eval ...
Saving: DDQN_target_eval ...
episode=155 score=10.0 avgScore=4.29 bestScore=4.03 epsilon=0.09999000000191018 step=328548
Saving: DDQN_eval_eval ...
Saving: DDQN_target_eval ...
episode=156 score=16.0 avgScore=4.59 bestScore=4.29 epsilon=0.09999000000191018 step=330660
Saving: DDQN_eval_eval ...
Saving: DDQN_target_eval ...
episode=157 score=13.0 avgScore=4.9 bestScore=4.59 epsilon=0.09999000000191018 step=332910
Saving: DDQN_eval_eval ...
Saving: DDQN_target_eval ...
episode=158 score=12.0 avgScore=5.2 bestScore=4.9 epsilon=0.09999000000191018 step=335244
Saving: DDQN_eval_eval ...
Saving: DDQN_target_eval ...
episode=159 score=15.0 avgScore=5.47 bestScore=5.2 epsilon=0.09999000000191018 step=337338
Saving: DDQN_eval_eval ...
Saving: DDQN_target_eval ...
episode=160 score=9.0 avgScore=5.72 bestScore=5.47 epsilon=0.09999000000191018 step=339907
Saving: DDQN_eval_eval ...
Saving: DDQN_target_eval ...
episode=161 score=17.0 avgScore=6.06 bestScore=5.72 epsilon=0.09999000000191018 step=341937
Saving: DDQN_eval_eval ...
Saving: DDQN_target_eval ...
episode=162 score=13.0 avgScore=6.34 bestScore=6.06 epsilon=0.09999000000191018 step=344314
Saving: DDQN_eval_eval ...
Saving: DDQN_target_eval ...
episode=163 score=12.0 avgScore=6.6 bestScore=6.34 epsilon=0.09999000000191018 step=346706
Saving: DDQN_eval_eval ...
Saving: DDQN_target_eval ...
episode=164 score=6.0 avgScore=6.84 bestScore=6.6 epsilon=0.09999000000191018 step=349831
Saving: DDQN_eval_eval ...
Saving: DDQN_target_eval ...
episode=165 score=16.0 avgScore=7.1 bestScore=6.84 epsilon=0.09999000000191018 step=351879
Saving: DDQN_eval_eval ...
Saving: DDQN_target_eval ...
episode=166 score=11.0 avgScore=7.32 bestScore=7.1 epsilon=0.09999000000191018 step=354230
Saving: DDQN_eval_eval ...
Saving: DDQN_target_eval ...
episode=167 score=16.0 avgScore=7.63 bestScore=7.32 epsilon=0.09999000000191018 step=356318
Saving: DDQN_eval_eval ...
Saving: DDQN_target_eval ...
episode=168 score=15.0 avgScore=7.95 bestScore=7.63 epsilon=0.09999000000191018 step=358486
Saving: DDQN_eval_eval ...
Saving: DDQN_target_eval ...
episode=169 score=15.0 avgScore=8.23 bestScore=7.95 epsilon=0.09999000000191018 step=360885
Saving: DDQN_eval_eval ...
Saving: DDQN_target_eval ...
episode=170 score=13.0 avgScore=8.41 bestScore=8.23 epsilon=0.09999000000191018 step=363213
Saving: DDQN_eval_eval ...
Saving: DDQN_target_eval ...
episode=171 score=11.0 avgScore=8.58 bestScore=8.41 epsilon=0.09999000000191018 step=365658
Saving: DDQN_eval_eval ...
Saving: DDQN_target_eval ...
episode=172 score=13.0 avgScore=8.73 bestScore=8.58 epsilon=0.09999000000191018 step=368115
Saving: DDQN_eval_eval ...
Saving: DDQN_target_eval ...
episode=173 score=12.0 avgScore=8.97 bestScore=8.73 epsilon=0.09999000000191018 step=370909
Saving: DDQN_eval_eval ...
Saving: DDQN_target_eval ...
episode=174 score=12.0 avgScore=9.17 bestScore=8.97 epsilon=0.09999000000191018 step=373246
Saving: DDQN_eval_eval ...
Saving: DDQN_target_eval ...
episode=175 score=16.0 avgScore=9.43 bestScore=9.17 epsilon=0.09999000000191018 step=375286
Saving: DDQN_eval_eval ...
Saving: DDQN_target_eval ...
episode=176 score=15.0 avgScore=9.68 bestScore=9.43 epsilon=0.09999000000191018 step=377303
Saving: DDQN_eval_eval ...
Saving: DDQN_target_eval ...
episode=177 score=16.0 avgScore=9.91 bestScore=9.68 epsilon=0.09999000000191018 step=379335
Saving: DDQN_eval_eval ...
Saving: DDQN_target_eval ...
episode=178 score=12.0 avgScore=10.08 bestScore=9.91 epsilon=0.09999000000191018 step=382044
Saving: DDQN_eval_eval ...
Saving: DDQN_target_eval ...
episode=179 score=18.0 avgScore=10.31 bestScore=10.08 epsilon=0.09999000000191018 step=384070
Saving: DDQN_eval_eval ...
Saving: DDQN_target_eval ...
episode=180 score=9.0 avgScore=10.5 bestScore=10.31 epsilon=0.09999000000191018 step=386530
Saving: DDQN_eval_eval ...
Saving: DDQN_target_eval ...
episode=181 score=16.0 avgScore=10.69 bestScore=10.5 epsilon=0.09999000000191018 step=388571
Saving: DDQN_eval_eval ...
Saving: DDQN_target_eval ...
episode=182 score=14.0 avgScore=10.73 bestScore=10.69 epsilon=0.09999000000191018 step=391003
Saving: DDQN_eval_eval ...
Saving: DDQN_target_eval ...
episode=183 score=18.0 avgScore=10.97 bestScore=10.73 epsilon=0.09999000000191018 step=392954
Saving: DDQN_eval_eval ...
Saving: DDQN_target_eval ...
episode=184 score=3.0 avgScore=11.08 bestScore=10.97 epsilon=0.09999000000191018 step=395909
Saving: DDQN_eval_eval ...
Saving: DDQN_target_eval ...
episode=185 score=10.0 avgScore=11.21 bestScore=11.08 epsilon=0.09999000000191018 step=398444
Saving: DDQN_eval_eval ...
Saving: DDQN_target_eval ...
episode=186 score=13.0 avgScore=11.29 bestScore=11.21 epsilon=0.09999000000191018 step=400733
Saving: DDQN_eval_eval ...
Saving: DDQN_target_eval ...
episode=187 score=9.0 avgScore=11.51 bestScore=11.29 epsilon=0.09999000000191018 step=403080
Saving: DDQN_eval_eval ...
Saving: DDQN_target_eval ...
episode=188 score=9.0 avgScore=11.55 bestScore=11.51 epsilon=0.09999000000191018 step=405687
Saving: DDQN_eval_eval ...
Saving: DDQN_target_eval ...
episode=189 score=14.0 avgScore=11.61 bestScore=11.55 epsilon=0.09999000000191018 step=407958
Saving: DDQN_eval_eval ...
Saving: DDQN_target_eval ...
episode=190 score=8.0 avgScore=11.62 bestScore=11.61 epsilon=0.09999000000191018 step=410634
Saving: DDQN_eval_eval ...
Saving: DDQN_target_eval ...
episode=191 score=16.0 avgScore=11.7 bestScore=11.62 epsilon=0.09999000000191018 step=412792
Saving: DDQN_eval_eval ...
Saving: DDQN_target_eval ...
episode=192 score=13.0 avgScore=11.85 bestScore=11.7 epsilon=0.09999000000191018 step=415189
Saving: DDQN_eval_eval ...
Saving: DDQN_target_eval ...
episode=193 score=15.0 avgScore=12.05 bestScore=11.85 epsilon=0.09999000000191018 step=417347
Saving: DDQN_eval_eval ...
Saving: DDQN_target_eval ...
episode=194 score=10.0 avgScore=12.09 bestScore=12.05 epsilon=0.09999000000191018 step=419861
Saving: DDQN_eval_eval ...
Saving: DDQN_target_eval ...
episode=195 score=15.0 avgScore=12.21 bestScore=12.09 epsilon=0.09999000000191018 step=421960
Saving: DDQN_eval_eval ...
Saving: DDQN_target_eval ...
episode=196 score=9.0 avgScore=12.33 bestScore=12.21 epsilon=0.09999000000191018 step=424570
Saving: DDQN_eval_eval ...
Saving: DDQN_target_eval ...
episode=197 score=14.0 avgScore=12.38 bestScore=12.33 epsilon=0.09999000000191018 step=426987
Saving: DDQN_eval_eval ...
Saving: DDQN_target_eval ...
episode=198 score=17.0 avgScore=12.41 bestScore=12.38 epsilon=0.09999000000191018 step=429158
Saving: DDQN_eval_eval ...
Saving: DDQN_target_eval ...
episode=199 score=10.0 avgScore=12.42 bestScore=12.41 epsilon=0.09999000000191018 step=431577
Saving: DDQN_eval_eval ...
Saving: DDQN_target_eval ...
episode=200 score=15.0 avgScore=12.43 bestScore=12.42 epsilon=0.09999000000191018 step=433896
Saving: DDQN_eval_eval ...
Saving: DDQN_target_eval ...
episode=201 score=15.0 avgScore=12.5 bestScore=12.43 epsilon=0.09999000000191018 step=436139
Saving: DDQN_eval_eval ...
Saving: DDQN_target_eval ...
episode=202 score=14.0 avgScore=12.55 bestScore=12.5 epsilon=0.09999000000191018 step=438510
Saving: DDQN_eval_eval ...
Saving: DDQN_target_eval ...
episode=203 score=9.0 avgScore=12.53 bestScore=12.55 epsilon=0.09999000000191018 step=441024
episode=204 score=13.0 avgScore=12.47 bestScore=12.55 epsilon=0.09999000000191018 step=443206
episode=205 score=16.0 avgScore=12.53 bestScore=12.55 epsilon=0.09999000000191018 step=445534
episode=206 score=14.0 avgScore=12.5 bestScore=12.55 epsilon=0.09999000000191018 step=447863
episode=207 score=20.0 avgScore=12.57 bestScore=12.55 epsilon=0.09999000000191018 step=449604
Saving: DDQN_eval_eval ...
Saving: DDQN_target_eval ...
episode=208 score=16.0 avgScore=12.69 bestScore=12.57 epsilon=0.09999000000191018 step=451609
Saving: DDQN_eval_eval ...
Saving: DDQN_target_eval ...
episode=209 score=17.0 avgScore=12.7 bestScore=12.69 epsilon=0.09999000000191018 step=453563
Saving: DDQN_eval_eval ...
Saving: DDQN_target_eval ...
episode=210 score=12.0 avgScore=12.7 bestScore=12.7 epsilon=0.09999000000191018 step=456436
episode=211 score=12.0 avgScore=12.77 bestScore=12.7 epsilon=0.09999000000191018 step=458825
Saving: DDQN_eval_eval ...
Saving: DDQN_target_eval ...
episode=212 score=18.0 avgScore=12.76 bestScore=12.77 epsilon=0.09999000000191018 step=460745
episode=213 score=15.0 avgScore=12.79 bestScore=12.77 epsilon=0.09999000000191018 step=462918
Saving: DDQN_eval_eval ...
Saving: DDQN_target_eval ...
episode=214 score=14.0 avgScore=12.79 bestScore=12.79 epsilon=0.09999000000191018 step=464996
episode=215 score=9.0 avgScore=12.77 bestScore=12.79 epsilon=0.09999000000191018 step=467708
episode=216 score=15.0 avgScore=12.76 bestScore=12.79 epsilon=0.09999000000191018 step=470315
episode=217 score=15.0 avgScore=12.76 bestScore=12.79 epsilon=0.09999000000191018 step=472413
episode=218 score=16.0 avgScore=12.86 bestScore=12.79 epsilon=0.09999000000191018 step=474435
Saving: DDQN_eval_eval ...
Saving: DDQN_target_eval ...
episode=219 score=11.0 avgScore=12.85 bestScore=12.86 epsilon=0.09999000000191018 step=477352
episode=220 score=16.0 avgScore=12.93 bestScore=12.86 epsilon=0.09999000000191018 step=479394
Saving: DDQN_eval_eval ...
Saving: DDQN_target_eval ...
episode=221 score=17.0 avgScore=12.95 bestScore=12.93 epsilon=0.09999000000191018 step=481567
Saving: DDQN_eval_eval ...
Saving: DDQN_target_eval ...
episode=222 score=6.0 avgScore=12.9 bestScore=12.95 epsilon=0.09999000000191018 step=484365
episode=223 score=13.0 avgScore=12.88 bestScore=12.95 epsilon=0.09999000000191018 step=486626
episode=224 score=16.0 avgScore=12.98 bestScore=12.95 epsilon=0.09999000000191018 step=488688
Saving: DDQN_eval_eval ...
Saving: DDQN_target_eval ...
episode=225 score=12.0 avgScore=12.94 bestScore=12.98 epsilon=0.09999000000191018 step=491286
episode=226 score=21.0 avgScore=13.02 bestScore=12.98 epsilon=0.09999000000191018 step=493084
Saving: DDQN_eval_eval ...
Saving: DDQN_target_eval ...
episode=227 score=14.0 avgScore=13.06 bestScore=13.02 epsilon=0.09999000000191018 step=495484
Saving: DDQN_eval_eval ...
Saving: DDQN_target_eval ...
episode=228 score=10.0 avgScore=13.09 bestScore=13.06 epsilon=0.09999000000191018 step=498024
Saving: DDQN_eval_eval ...
Saving: DDQN_target_eval ...
episode=229 score=11.0 avgScore=13.1 bestScore=13.09 epsilon=0.09999000000191018 step=500268
Saving: DDQN_eval_eval ...
Saving: DDQN_target_eval ...
episode=230 score=16.0 avgScore=13.07 bestScore=13.1 epsilon=0.09999000000191018 step=502423
episode=231 score=16.0 avgScore=13.09 bestScore=13.1 epsilon=0.09999000000191018 step=504419
episode=232 score=10.0 avgScore=13.1 bestScore=13.1 epsilon=0.09999000000191018 step=507409
episode=233 score=11.0 avgScore=13.1 bestScore=13.1 epsilon=0.09999000000191018 step=509969
episode=234 score=8.0 avgScore=13.08 bestScore=13.1 epsilon=0.09999000000191018 step=512730
episode=235 score=8.0 avgScore=13.03 bestScore=13.1 epsilon=0.09999000000191018 step=515211
episode=236 score=15.0 avgScore=13.05 bestScore=13.1 epsilon=0.09999000000191018 step=517157
episode=237 score=14.0 avgScore=13.12 bestScore=13.1 epsilon=0.09999000000191018 step=519651
Saving: DDQN_eval_eval ...
Saving: DDQN_target_eval ...
episode=238 score=17.0 avgScore=13.14 bestScore=13.12 epsilon=0.09999000000191018 step=522084
Saving: DDQN_eval_eval ...
Saving: DDQN_target_eval ...
episode=239 score=9.0 avgScore=13.08 bestScore=13.14 epsilon=0.09999000000191018 step=524839
episode=240 score=11.0 avgScore=13.05 bestScore=13.14 epsilon=0.09999000000191018 step=527562
episode=241 score=13.0 avgScore=13.03 bestScore=13.14 epsilon=0.09999000000191018 step=530028
episode=242 score=18.0 avgScore=13.07 bestScore=13.14 epsilon=0.09999000000191018 step=532075
episode=243 score=14.0 avgScore=13.08 bestScore=13.14 epsilon=0.09999000000191018 step=534234
episode=244 score=11.0 avgScore=13.04 bestScore=13.14 epsilon=0.09999000000191018 step=536872
episode=245 score=19.0 avgScore=13.1 bestScore=13.14 epsilon=0.09999000000191018 step=538728
episode=246 score=9.0 avgScore=13.04 bestScore=13.14 epsilon=0.09999000000191018 step=541789
episode=247 score=19.0 avgScore=13.1 bestScore=13.14 epsilon=0.09999000000191018 step=543588
episode=248 score=16.0 avgScore=13.19 bestScore=13.14 epsilon=0.09999000000191018 step=545635
Saving: DDQN_eval_eval ...
Saving: DDQN_target_eval ...
episode=249 score=11.0 avgScore=13.14 bestScore=13.19 epsilon=0.09999000000191018 step=547873
episode=250 score=18.0 avgScore=13.29 bestScore=13.19 epsilon=0.09999000000191018 step=549921
Saving: DDQN_eval_eval ...
Saving: DDQN_target_eval ...
episode=251 score=11.0 avgScore=13.37 bestScore=13.29 epsilon=0.09999000000191018 step=552347
Saving: DDQN_eval_eval ...
Saving: DDQN_target_eval ...
episode=252 score=13.0 avgScore=13.36 bestScore=13.37 epsilon=0.09999000000191018 step=554564
episode=253 score=19.0 avgScore=13.4 bestScore=13.37 epsilon=0.09999000000191018 step=556401
Saving: DDQN_eval_eval ...
Saving: DDQN_target_eval ...
episode=254 score=8.0 avgScore=13.32 bestScore=13.4 epsilon=0.09999000000191018 step=559196
episode=255 score=13.0 avgScore=13.35 bestScore=13.4 epsilon=0.09999000000191018 step=561501
episode=256 score=19.0 avgScore=13.38 bestScore=13.4 epsilon=0.09999000000191018 step=563399
episode=257 score=12.0 avgScore=13.37 bestScore=13.4 epsilon=0.09999000000191018 step=565825
episode=258 score=19.0 avgScore=13.44 bestScore=13.4 epsilon=0.09999000000191018 step=567657
Saving: DDQN_eval_eval ...
Saving: DDQN_target_eval ...
episode=259 score=13.0 avgScore=13.42 bestScore=13.44 epsilon=0.09999000000191018 step=569924
episode=260 score=16.0 avgScore=13.49 bestScore=13.44 epsilon=0.09999000000191018 step=571981
Saving: DDQN_eval_eval ...
Saving: DDQN_target_eval ...
episode=261 score=16.0 avgScore=13.48 bestScore=13.49 epsilon=0.09999000000191018 step=574208
episode=262 score=17.0 avgScore=13.52 bestScore=13.49 epsilon=0.09999000000191018 step=576139
Saving: DDQN_eval_eval ...
Saving: DDQN_target_eval ...
episode=263 score=15.0 avgScore=13.55 bestScore=13.52 epsilon=0.09999000000191018 step=578341
Saving: DDQN_eval_eval ...
Saving: DDQN_target_eval ...
episode=264 score=17.0 avgScore=13.66 bestScore=13.55 epsilon=0.09999000000191018 step=580212
Saving: DDQN_eval_eval ...
Saving: DDQN_target_eval ...
episode=265 score=15.0 avgScore=13.65 bestScore=13.66 epsilon=0.09999000000191018 step=582374
episode=266 score=18.0 avgScore=13.72 bestScore=13.66 epsilon=0.09999000000191018 step=584335
Saving: DDQN_eval_eval ...
Saving: DDQN_target_eval ...
episode=267 score=13.0 avgScore=13.69 bestScore=13.72 epsilon=0.09999000000191018 step=586538
episode=268 score=2.0 avgScore=13.56 bestScore=13.72 epsilon=0.09999000000191018 step=589267
episode=269 score=15.0 avgScore=13.56 bestScore=13.72 epsilon=0.09999000000191018 step=591339
episode=270 score=14.0 avgScore=13.57 bestScore=13.72 epsilon=0.09999000000191018 step=593373
episode=271 score=15.0 avgScore=13.61 bestScore=13.72 epsilon=0.09999000000191018 step=595533
episode=272 score=10.0 avgScore=13.58 bestScore=13.72 epsilon=0.09999000000191018 step=598108
episode=273 score=17.0 avgScore=13.63 bestScore=13.72 epsilon=0.09999000000191018 step=600061
episode=274 score=15.0 avgScore=13.66 bestScore=13.72 epsilon=0.09999000000191018 step=602473
episode=275 score=14.0 avgScore=13.64 bestScore=13.72 epsilon=0.09999000000191018 step=604600
episode=276 score=17.0 avgScore=13.66 bestScore=13.72 epsilon=0.09999000000191018 step=606442
episode=277 score=10.0 avgScore=13.6 bestScore=13.72 epsilon=0.09999000000191018 step=609043
episode=278 score=17.0 avgScore=13.65 bestScore=13.72 epsilon=0.09999000000191018 step=611092
episode=279 score=19.0 avgScore=13.66 bestScore=13.72 epsilon=0.09999000000191018 step=612999
episode=280 score=13.0 avgScore=13.7 bestScore=13.72 epsilon=0.09999000000191018 step=615301
episode=281 score=13.0 avgScore=13.67 bestScore=13.72 epsilon=0.09999000000191018 step=617514
episode=282 score=14.0 avgScore=13.67 bestScore=13.72 epsilon=0.09999000000191018 step=619686
episode=283 score=15.0 avgScore=13.64 bestScore=13.72 epsilon=0.09999000000191018 step=622010
episode=284 score=9.0 avgScore=13.7 bestScore=13.72 epsilon=0.09999000000191018 step=624500
episode=285 score=9.0 avgScore=13.69 bestScore=13.72 epsilon=0.09999000000191018 step=626868
episode=286 score=7.0 avgScore=13.63 bestScore=13.72 epsilon=0.09999000000191018 step=629444
episode=287 score=17.0 avgScore=13.71 bestScore=13.72 epsilon=0.09999000000191018 step=631647
episode=288 score=16.0 avgScore=13.78 bestScore=13.72 epsilon=0.09999000000191018 step=633856
Saving: DDQN_eval_eval ...
Saving: DDQN_target_eval ...
episode=289 score=18.0 avgScore=13.82 bestScore=13.78 epsilon=0.09999000000191018 step=635841
Saving: DDQN_eval_eval ...
Saving: DDQN_target_eval ...
episode=290 score=18.0 avgScore=13.92 bestScore=13.82 epsilon=0.09999000000191018 step=637806
Saving: DDQN_eval_eval ...
Saving: DDQN_target_eval ...
episode=291 score=18.0 avgScore=13.94 bestScore=13.92 epsilon=0.09999000000191018 step=639645
Saving: DDQN_eval_eval ...
Saving: DDQN_target_eval ...
episode=292 score=17.0 avgScore=13.98 bestScore=13.94 epsilon=0.09999000000191018 step=641682
Saving: DDQN_eval_eval ...
Saving: DDQN_target_eval ...
episode=293 score=17.0 avgScore=14.0 bestScore=13.98 epsilon=0.09999000000191018 step=643517
Saving: DDQN_eval_eval ...
Saving: DDQN_target_eval ...
episode=294 score=17.0 avgScore=14.07 bestScore=14.0 epsilon=0.09999000000191018 step=645664
Saving: DDQN_eval_eval ...
Saving: DDQN_target_eval ...
episode=295 score=17.0 avgScore=14.09 bestScore=14.07 epsilon=0.09999000000191018 step=647637
Saving: DDQN_eval_eval ...
Saving: DDQN_target_eval ...
episode=296 score=14.0 avgScore=14.14 bestScore=14.09 epsilon=0.09999000000191018 step=650276
Saving: DDQN_eval_eval ...
Saving: DDQN_target_eval ...
episode=297 score=16.0 avgScore=14.16 bestScore=14.14 epsilon=0.09999000000191018 step=652294
Saving: DDQN_eval_eval ...
Saving: DDQN_target_eval ...
episode=298 score=20.0 avgScore=14.19 bestScore=14.16 epsilon=0.09999000000191018 step=654047
Saving: DDQN_eval_eval ...
Saving: DDQN_target_eval ...
episode=299 score=15.0 avgScore=14.24 bestScore=14.19 epsilon=0.09999000000191018 step=656289
Saving: DDQN_eval_eval ...
Saving: DDQN_target_eval ...
episode=300 score=13.0 avgScore=14.22 bestScore=14.24 epsilon=0.09999000000191018 step=658388
episode=301 score=15.0 avgScore=14.22 bestScore=14.24 epsilon=0.09999000000191018 step=660551
episode=302 score=11.0 avgScore=14.19 bestScore=14.24 epsilon=0.09999000000191018 step=663050
episode=303 score=16.0 avgScore=14.26 bestScore=14.24 epsilon=0.09999000000191018 step=665365
Saving: DDQN_eval_eval ...
Saving: DDQN_target_eval ...
episode=304 score=10.0 avgScore=14.23 bestScore=14.26 epsilon=0.09999000000191018 step=667874
episode=305 score=8.0 avgScore=14.15 bestScore=14.26 epsilon=0.09999000000191018 step=670514
episode=306 score=16.0 avgScore=14.17 bestScore=14.26 epsilon=0.09999000000191018 step=672573
episode=307 score=16.0 avgScore=14.13 bestScore=14.26 epsilon=0.09999000000191018 step=674724
episode=308 score=10.0 avgScore=14.07 bestScore=14.26 epsilon=0.09999000000191018 step=677036
episode=309 score=19.0 avgScore=14.09 bestScore=14.26 epsilon=0.09999000000191018 step=678926
episode=310 score=19.0 avgScore=14.16 bestScore=14.26 epsilon=0.09999000000191018 step=680956
episode=311 score=16.0 avgScore=14.2 bestScore=14.26 epsilon=0.09999000000191018 step=682994
episode=312 score=13.0 avgScore=14.15 bestScore=14.26 epsilon=0.09999000000191018 step=685171
episode=313 score=15.0 avgScore=14.15 bestScore=14.26 epsilon=0.09999000000191018 step=687269
episode=314 score=15.0 avgScore=14.16 bestScore=14.26 epsilon=0.09999000000191018 step=689241
episode=315 score=12.0 avgScore=14.19 bestScore=14.26 epsilon=0.09999000000191018 step=691506
episode=316 score=16.0 avgScore=14.2 bestScore=14.26 epsilon=0.09999000000191018 step=693809
episode=317 score=11.0 avgScore=14.16 bestScore=14.26 epsilon=0.09999000000191018 step=696190
episode=318 score=16.0 avgScore=14.16 bestScore=14.26 epsilon=0.09999000000191018 step=698381
episode=319 score=19.0 avgScore=14.24 bestScore=14.26 epsilon=0.09999000000191018 step=700249
episode=320 score=11.0 avgScore=14.19 bestScore=14.26 epsilon=0.09999000000191018 step=702692
episode=321 score=10.0 avgScore=14.12 bestScore=14.26 epsilon=0.09999000000191018 step=705197
episode=322 score=16.0 avgScore=14.22 bestScore=14.26 epsilon=0.09999000000191018 step=707246
episode=323 score=14.0 avgScore=14.23 bestScore=14.26 epsilon=0.09999000000191018 step=709791
episode=324 score=10.0 avgScore=14.17 bestScore=14.26 epsilon=0.09999000000191018 step=712374
episode=325 score=17.0 avgScore=14.22 bestScore=14.26 epsilon=0.09999000000191018 step=714397
episode=326 score=20.0 avgScore=14.21 bestScore=14.26 epsilon=0.09999000000191018 step=716109
episode=327 score=14.0 avgScore=14.21 bestScore=14.26 epsilon=0.09999000000191018 step=718435
episode=328 score=13.0 avgScore=14.24 bestScore=14.26 epsilon=0.09999000000191018 step=720700
episode=329 score=18.0 avgScore=14.31 bestScore=14.26 epsilon=0.09999000000191018 step=722725
Saving: DDQN_eval_eval ...
Saving: DDQN_target_eval ...
episode=330 score=14.0 avgScore=14.29 bestScore=14.31 epsilon=0.09999000000191018 step=725017
episode=331 score=14.0 avgScore=14.27 bestScore=14.31 epsilon=0.09999000000191018 step=727113
episode=332 score=16.0 avgScore=14.33 bestScore=14.31 epsilon=0.09999000000191018 step=729078
Saving: DDQN_eval_eval ...
Saving: DDQN_target_eval ...
episode=333 score=16.0 avgScore=14.38 bestScore=14.33 epsilon=0.09999000000191018 step=731133
Saving: DDQN_eval_eval ...
Saving: DDQN_target_eval ...
episode=334 score=16.0 avgScore=14.46 bestScore=14.38 epsilon=0.09999000000191018 step=733284
Saving: DDQN_eval_eval ...
Saving: DDQN_target_eval ...
episode=335 score=17.0 avgScore=14.55 bestScore=14.46 epsilon=0.09999000000191018 step=735249
Saving: DDQN_eval_eval ...
Saving: DDQN_target_eval ...
episode=336 score=9.0 avgScore=14.49 bestScore=14.55 epsilon=0.09999000000191018 step=737655
episode=337 score=14.0 avgScore=14.49 bestScore=14.55 epsilon=0.09999000000191018 step=740099
episode=338 score=18.0 avgScore=14.5 bestScore=14.55 epsilon=0.09999000000191018 step=742058
episode=339 score=12.0 avgScore=14.53 bestScore=14.55 epsilon=0.09999000000191018 step=744527
episode=340 score=13.0 avgScore=14.55 bestScore=14.55 epsilon=0.09999000000191018 step=746707
episode=341 score=15.0 avgScore=14.57 bestScore=14.55 epsilon=0.09999000000191018 step=749299
Saving: DDQN_eval_eval ...
Saving: DDQN_target_eval ...
episode=342 score=17.0 avgScore=14.56 bestScore=14.57 epsilon=0.09999000000191018 step=751259
episode=343 score=19.0 avgScore=14.61 bestScore=14.57 epsilon=0.09999000000191018 step=753133
Saving: DDQN_eval_eval ...
Saving: DDQN_target_eval ...
episode=344 score=19.0 avgScore=14.69 bestScore=14.61 epsilon=0.09999000000191018 step=755136
Saving: DDQN_eval_eval ...
Saving: DDQN_target_eval ...
episode=345 score=11.0 avgScore=14.61 bestScore=14.69 epsilon=0.09999000000191018 step=757353
episode=346 score=11.0 avgScore=14.63 bestScore=14.69 epsilon=0.09999000000191018 step=759868
episode=347 score=17.0 avgScore=14.61 bestScore=14.69 epsilon=0.09999000000191018 step=761832
episode=348 score=16.0 avgScore=14.61 bestScore=14.69 epsilon=0.09999000000191018 step=764121
episode=349 score=18.0 avgScore=14.68 bestScore=14.69 epsilon=0.09999000000191018 step=766050
episode=350 score=16.0 avgScore=14.66 bestScore=14.69 epsilon=0.09999000000191018 step=768082
episode=351 score=15.0 avgScore=14.7 bestScore=14.69 epsilon=0.09999000000191018 step=770343
Saving: DDQN_eval_eval ...
Saving: DDQN_target_eval ...
episode=352 score=15.0 avgScore=14.72 bestScore=14.7 epsilon=0.09999000000191018 step=772363
Saving: DDQN_eval_eval ...
Saving: DDQN_target_eval ...
episode=353 score=18.0 avgScore=14.71 bestScore=14.72 epsilon=0.09999000000191018 step=774406
episode=354 score=12.0 avgScore=14.75 bestScore=14.72 epsilon=0.09999000000191018 step=776678
Saving: DDQN_eval_eval ...
Saving: DDQN_target_eval ...
episode=355 score=19.0 avgScore=14.81 bestScore=14.75 epsilon=0.09999000000191018 step=778520
Saving: DDQN_eval_eval ...
Saving: DDQN_target_eval ...
episode=356 score=15.0 avgScore=14.77 bestScore=14.81 epsilon=0.09999000000191018 step=781010
episode=357 score=16.0 avgScore=14.81 bestScore=14.81 epsilon=0.09999000000191018 step=783118
episode=358 score=14.0 avgScore=14.76 bestScore=14.81 epsilon=0.09999000000191018 step=785391
episode=359 score=16.0 avgScore=14.79 bestScore=14.81 epsilon=0.09999000000191018 step=787426
episode=360 score=12.0 avgScore=14.75 bestScore=14.81 epsilon=0.09999000000191018 step=789761
episode=361 score=17.0 avgScore=14.76 bestScore=14.81 epsilon=0.09999000000191018 step=792035
episode=362 score=16.0 avgScore=14.75 bestScore=14.81 epsilon=0.09999000000191018 step=794182
episode=363 score=19.0 avgScore=14.79 bestScore=14.81 epsilon=0.09999000000191018 step=796227
episode=364 score=19.0 avgScore=14.81 bestScore=14.81 epsilon=0.09999000000191018 step=798039
episode=365 score=17.0 avgScore=14.83 bestScore=14.81 epsilon=0.09999000000191018 step=800036
Saving: DDQN_eval_eval ...
Saving: DDQN_target_eval ...
episode=366 score=17.0 avgScore=14.82 bestScore=14.83 epsilon=0.09999000000191018 step=802451
episode=367 score=17.0 avgScore=14.86 bestScore=14.83 epsilon=0.09999000000191018 step=804309
Saving: DDQN_eval_eval ...
Saving: DDQN_target_eval ...
episode=368 score=15.0 avgScore=14.99 bestScore=14.86 epsilon=0.09999000000191018 step=806420
Saving: DDQN_eval_eval ...
Saving: DDQN_target_eval ...
episode=369 score=5.0 avgScore=14.89 bestScore=14.99 epsilon=0.09999000000191018 step=808900
episode=370 score=10.0 avgScore=14.85 bestScore=14.99 epsilon=0.09999000000191018 step=811068
episode=371 score=18.0 avgScore=14.88 bestScore=14.99 epsilon=0.09999000000191018 step=812998
episode=372 score=19.0 avgScore=14.97 bestScore=14.99 epsilon=0.09999000000191018 step=815020
episode=373 score=15.0 avgScore=14.95 bestScore=14.99 epsilon=0.09999000000191018 step=817058
episode=374 score=20.0 avgScore=15.0 bestScore=14.99 epsilon=0.09999000000191018 step=818870
Saving: DDQN_eval_eval ...
Saving: DDQN_target_eval ...
episode=375 score=17.0 avgScore=15.03 bestScore=15.0 epsilon=0.09999000000191018 step=820893
Saving: DDQN_eval_eval ...
Saving: DDQN_target_eval ...
episode=376 score=16.0 avgScore=15.02 bestScore=15.03 epsilon=0.09999000000191018 step=822911
episode=377 score=16.0 avgScore=15.08 bestScore=15.03 epsilon=0.09999000000191018 step=825260
Saving: DDQN_eval_eval ...
Saving: DDQN_target_eval ...
episode=378 score=11.0 avgScore=15.02 bestScore=15.08 epsilon=0.09999000000191018 step=827680
episode=379 score=18.0 avgScore=15.01 bestScore=15.08 epsilon=0.09999000000191018 step=829645
episode=380 score=16.0 avgScore=15.04 bestScore=15.08 epsilon=0.09999000000191018 step=831802
episode=381 score=12.0 avgScore=15.03 bestScore=15.08 epsilon=0.09999000000191018 step=834279
episode=382 score=18.0 avgScore=15.07 bestScore=15.08 epsilon=0.09999000000191018 step=836284
episode=383 score=16.0 avgScore=15.08 bestScore=15.08 epsilon=0.09999000000191018 step=838582
episode=384 score=16.0 avgScore=15.15 bestScore=15.08 epsilon=0.09999000000191018 step=840768
Saving: DDQN_eval_eval ...
Saving: DDQN_target_eval ...
episode=385 score=16.0 avgScore=15.22 bestScore=15.15 epsilon=0.09999000000191018 step=843091
Saving: DDQN_eval_eval ...
Saving: DDQN_target_eval ...
episode=386 score=15.0 avgScore=15.3 bestScore=15.22 epsilon=0.09999000000191018 step=845174
Saving: DDQN_eval_eval ...
Saving: DDQN_target_eval ...
episode=387 score=16.0 avgScore=15.29 bestScore=15.3 epsilon=0.09999000000191018 step=847606
episode=388 score=12.0 avgScore=15.25 bestScore=15.3 epsilon=0.09999000000191018 step=849803
episode=389 score=20.0 avgScore=15.27 bestScore=15.3 epsilon=0.09999000000191018 step=851528
episode=390 score=16.0 avgScore=15.25 bestScore=15.3 epsilon=0.09999000000191018 step=853642
episode=391 score=12.0 avgScore=15.19 bestScore=15.3 epsilon=0.09999000000191018 step=856518
episode=392 score=13.0 avgScore=15.15 bestScore=15.3 epsilon=0.09999000000191018 step=858922
episode=393 score=14.0 avgScore=15.12 bestScore=15.3 epsilon=0.09999000000191018 step=861002
episode=394 score=16.0 avgScore=15.11 bestScore=15.3 epsilon=0.09999000000191018 step=863110
episode=395 score=14.0 avgScore=15.08 bestScore=15.3 epsilon=0.09999000000191018 step=865447
episode=396 score=12.0 avgScore=15.06 bestScore=15.3 epsilon=0.09999000000191018 step=867926
episode=397 score=14.0 avgScore=15.04 bestScore=15.3 epsilon=0.09999000000191018 step=869997
episode=398 score=17.0 avgScore=15.01 bestScore=15.3 epsilon=0.09999000000191018 step=872143
episode=399 score=10.0 avgScore=14.96 bestScore=15.3 epsilon=0.09999000000191018 step=874363
episode=400 score=16.0 avgScore=14.99 bestScore=15.3 epsilon=0.09999000000191018 step=876822
episode=401 score=16.0 avgScore=15.0 bestScore=15.3 epsilon=0.09999000000191018 step=878972
episode=402 score=17.0 avgScore=15.06 bestScore=15.3 epsilon=0.09999000000191018 step=881086
episode=403 score=12.0 avgScore=15.02 bestScore=15.3 epsilon=0.09999000000191018 step=883383
episode=404 score=8.0 avgScore=15.0 bestScore=15.3 epsilon=0.09999000000191018 step=886040
episode=405 score=16.0 avgScore=15.08 bestScore=15.3 epsilon=0.09999000000191018 step=888211
episode=406 score=12.0 avgScore=15.04 bestScore=15.3 epsilon=0.09999000000191018 step=890416
episode=407 score=12.0 avgScore=15.0 bestScore=15.3 epsilon=0.09999000000191018 step=892898
episode=408 score=17.0 avgScore=15.07 bestScore=15.3 epsilon=0.09999000000191018 step=894893
episode=409 score=15.0 avgScore=15.03 bestScore=15.3 epsilon=0.09999000000191018 step=897003
episode=410 score=15.0 avgScore=14.99 bestScore=15.3 epsilon=0.09999000000191018 step=899350
episode=411 score=13.0 avgScore=14.96 bestScore=15.3 epsilon=0.09999000000191018 step=901720
episode=412 score=18.0 avgScore=15.01 bestScore=15.3 epsilon=0.09999000000191018 step=903616
episode=413 score=9.0 avgScore=14.95 bestScore=15.3 epsilon=0.09999000000191018 step=905967
episode=414 score=19.0 avgScore=14.99 bestScore=15.3 epsilon=0.09999000000191018 step=907916
episode=415 score=13.0 avgScore=15.0 bestScore=15.3 epsilon=0.09999000000191018 step=910320
episode=416 score=14.0 avgScore=14.98 bestScore=15.3 epsilon=0.09999000000191018 step=912484
episode=417 score=13.0 avgScore=15.0 bestScore=15.3 epsilon=0.09999000000191018 step=914786
episode=418 score=15.0 avgScore=14.99 bestScore=15.3 epsilon=0.09999000000191018 step=917021
episode=419 score=12.0 avgScore=14.92 bestScore=15.3 epsilon=0.09999000000191018 step=919241
episode=420 score=17.0 avgScore=14.98 bestScore=15.3 epsilon=0.09999000000191018 step=921173
episode=421 score=15.0 avgScore=15.03 bestScore=15.3 epsilon=0.09999000000191018 step=923330
episode=422 score=20.0 avgScore=15.07 bestScore=15.3 epsilon=0.09999000000191018 step=925123
episode=423 score=18.0 avgScore=15.11 bestScore=15.3 epsilon=0.09999000000191018 step=926985
episode=424 score=15.0 avgScore=15.16 bestScore=15.3 epsilon=0.09999000000191018 step=929238
episode=425 score=21.0 avgScore=15.2 bestScore=15.3 epsilon=0.09999000000191018 step=930942
episode=426 score=13.0 avgScore=15.13 bestScore=15.3 epsilon=0.09999000000191018 step=933430
episode=427 score=19.0 avgScore=15.18 bestScore=15.3 epsilon=0.09999000000191018 step=935381
episode=428 score=18.0 avgScore=15.23 bestScore=15.3 epsilon=0.09999000000191018 step=937509
episode=429 score=19.0 avgScore=15.24 bestScore=15.3 epsilon=0.09999000000191018 step=939289
episode=430 score=18.0 avgScore=15.28 bestScore=15.3 epsilon=0.09999000000191018 step=941283
episode=431 score=18.0 avgScore=15.32 bestScore=15.3 epsilon=0.09999000000191018 step=943266
Saving: DDQN_eval_eval ...
Saving: DDQN_target_eval ...
episode=432 score=18.0 avgScore=15.34 bestScore=15.32 epsilon=0.09999000000191018 step=945378
Saving: DDQN_eval_eval ...
Saving: DDQN_target_eval ...
episode=433 score=20.0 avgScore=15.38 bestScore=15.34 epsilon=0.09999000000191018 step=947124
Saving: DDQN_eval_eval ...
Saving: DDQN_target_eval ...
episode=434 score=19.0 avgScore=15.41 bestScore=15.38 epsilon=0.09999000000191018 step=948970
Saving: DDQN_eval_eval ...
Saving: DDQN_target_eval ...
episode=435 score=18.0 avgScore=15.42 bestScore=15.41 epsilon=0.09999000000191018 step=950895
Saving: DDQN_eval_eval ...
Saving: DDQN_target_eval ...
episode=436 score=16.0 avgScore=15.49 bestScore=15.42 epsilon=0.09999000000191018 step=953058
Saving: DDQN_eval_eval ...
Saving: DDQN_target_eval ...
episode=437 score=21.0 avgScore=15.56 bestScore=15.49 epsilon=0.09999000000191018 step=954820
Saving: DDQN_eval_eval ...
Saving: DDQN_target_eval ...
episode=438 score=16.0 avgScore=15.54 bestScore=15.56 epsilon=0.09999000000191018 step=957009
episode=439 score=16.0 avgScore=15.58 bestScore=15.56 epsilon=0.09999000000191018 step=959095
Saving: DDQN_eval_eval ...
Saving: DDQN_target_eval ...
episode=440 score=20.0 avgScore=15.65 bestScore=15.58 epsilon=0.09999000000191018 step=960817
Saving: DDQN_eval_eval ...
Saving: DDQN_target_eval ...
episode=441 score=16.0 avgScore=15.66 bestScore=15.65 epsilon=0.09999000000191018 step=963057
Saving: DDQN_eval_eval ...
Saving: DDQN_target_eval ...
episode=442 score=12.0 avgScore=15.61 bestScore=15.66 epsilon=0.09999000000191018 step=965633
episode=443 score=20.0 avgScore=15.62 bestScore=15.66 epsilon=0.09999000000191018 step=967419
episode=444 score=18.0 avgScore=15.61 bestScore=15.66 epsilon=0.09999000000191018 step=969320
episode=445 score=14.0 avgScore=15.64 bestScore=15.66 epsilon=0.09999000000191018 step=971485
episode=446 score=15.0 avgScore=15.68 bestScore=15.66 epsilon=0.09999000000191018 step=973514
Saving: DDQN_eval_eval ...
Saving: DDQN_target_eval ...
episode=447 score=17.0 avgScore=15.68 bestScore=15.68 epsilon=0.09999000000191018 step=975613
episode=448 score=11.0 avgScore=15.63 bestScore=15.68 epsilon=0.09999000000191018 step=978194
episode=449 score=12.0 avgScore=15.57 bestScore=15.68 epsilon=0.09999000000191018 step=980576
episode=450 score=14.0 avgScore=15.55 bestScore=15.68 epsilon=0.09999000000191018 step=982889
episode=451 score=12.0 avgScore=15.52 bestScore=15.68 epsilon=0.09999000000191018 step=985377
episode=452 score=19.0 avgScore=15.56 bestScore=15.68 epsilon=0.09999000000191018 step=987364
episode=453 score=7.0 avgScore=15.45 bestScore=15.68 epsilon=0.09999000000191018 step=990072
episode=454 score=14.0 avgScore=15.47 bestScore=15.68 epsilon=0.09999000000191018 step=992121
episode=455 score=16.0 avgScore=15.44 bestScore=15.68 epsilon=0.09999000000191018 step=994170
episode=456 score=17.0 avgScore=15.46 bestScore=15.68 epsilon=0.09999000000191018 step=996284
episode=457 score=15.0 avgScore=15.45 bestScore=15.68 epsilon=0.09999000000191018 step=998280
episode=458 score=12.0 avgScore=15.43 bestScore=15.68 epsilon=0.09999000000191018 step=1000678
episode=459 score=16.0 avgScore=15.43 bestScore=15.68 epsilon=0.09999000000191018 step=1002874
episode=460 score=8.0 avgScore=15.39 bestScore=15.68 epsilon=0.09999000000191018 step=1005463
episode=461 score=18.0 avgScore=15.4 bestScore=15.68 epsilon=0.09999000000191018 step=1007465
episode=462 score=15.0 avgScore=15.39 bestScore=15.68 epsilon=0.09999000000191018 step=1009685
episode=463 score=17.0 avgScore=15.37 bestScore=15.68 epsilon=0.09999000000191018 step=1011760
episode=464 score=18.0 avgScore=15.36 bestScore=15.68 epsilon=0.09999000000191018 step=1013748
episode=465 score=20.0 avgScore=15.39 bestScore=15.68 epsilon=0.09999000000191018 step=1015559
episode=466 score=15.0 avgScore=15.37 bestScore=15.68 epsilon=0.09999000000191018 step=1017900
episode=467 score=19.0 avgScore=15.39 bestScore=15.68 epsilon=0.09999000000191018 step=1019760
episode=468 score=15.0 avgScore=15.39 bestScore=15.68 epsilon=0.09999000000191018 step=1022225
episode=469 score=17.0 avgScore=15.51 bestScore=15.68 epsilon=0.09999000000191018 step=1024252
episode=470 score=19.0 avgScore=15.6 bestScore=15.68 epsilon=0.09999000000191018 step=1026135
episode=471 score=10.0 avgScore=15.52 bestScore=15.68 epsilon=0.09999000000191018 step=1028916
episode=472 score=19.0 avgScore=15.52 bestScore=15.68 epsilon=0.09999000000191018 step=1030763
episode=473 score=17.0 avgScore=15.54 bestScore=15.68 epsilon=0.09999000000191018 step=1032900
episode=474 score=16.0 avgScore=15.5 bestScore=15.68 epsilon=0.09999000000191018 step=1034999
episode=475 score=10.0 avgScore=15.43 bestScore=15.68 epsilon=0.09999000000191018 step=1037302
episode=476 score=18.0 avgScore=15.45 bestScore=15.68 epsilon=0.09999000000191018 step=1039251
episode=477 score=14.0 avgScore=15.43 bestScore=15.68 epsilon=0.09999000000191018 step=1041441
episode=478 score=18.0 avgScore=15.5 bestScore=15.68 epsilon=0.09999000000191018 step=1043334
episode=479 score=19.0 avgScore=15.51 bestScore=15.68 epsilon=0.09999000000191018 step=1045193
episode=480 score=14.0 avgScore=15.49 bestScore=15.68 epsilon=0.09999000000191018 step=1047516
episode=481 score=12.0 avgScore=15.49 bestScore=15.68 epsilon=0.09999000000191018 step=1049765
episode=482 score=17.0 avgScore=15.48 bestScore=15.68 epsilon=0.09999000000191018 step=1051754
episode=483 score=16.0 avgScore=15.48 bestScore=15.68 epsilon=0.09999000000191018 step=1054073
episode=484 score=19.0 avgScore=15.51 bestScore=15.68 epsilon=0.09999000000191018 step=1056150
episode=485 score=16.0 avgScore=15.51 bestScore=15.68 epsilon=0.09999000000191018 step=1058322
episode=486 score=18.0 avgScore=15.54 bestScore=15.68 epsilon=0.09999000000191018 step=1060160
episode=487 score=15.0 avgScore=15.53 bestScore=15.68 epsilon=0.09999000000191018 step=1062406
episode=488 score=19.0 avgScore=15.6 bestScore=15.68 epsilon=0.09999000000191018 step=1064372
episode=489 score=13.0 avgScore=15.53 bestScore=15.68 epsilon=0.09999000000191018 step=1066824
episode=490 score=19.0 avgScore=15.56 bestScore=15.68 epsilon=0.09999000000191018 step=1068850
episode=491 score=19.0 avgScore=15.63 bestScore=15.68 epsilon=0.09999000000191018 step=1070761
episode=492 score=18.0 avgScore=15.68 bestScore=15.68 epsilon=0.09999000000191018 step=1072681
episode=493 score=18.0 avgScore=15.72 bestScore=15.68 epsilon=0.09999000000191018 step=1074559
Saving: DDQN_eval_eval ...
Saving: DDQN_target_eval ...
episode=494 score=21.0 avgScore=15.77 bestScore=15.72 epsilon=0.09999000000191018 step=1076195
Saving: DDQN_eval_eval ...
Saving: DDQN_target_eval ...
episode=495 score=18.0 avgScore=15.81 bestScore=15.77 epsilon=0.09999000000191018 step=1078142
Saving: DDQN_eval_eval ...
Saving: DDQN_target_eval ...
episode=496 score=20.0 avgScore=15.89 bestScore=15.81 epsilon=0.09999000000191018 step=1079869
Saving: DDQN_eval_eval ...
Saving: DDQN_target_eval ...
episode=497 score=17.0 avgScore=15.92 bestScore=15.89 epsilon=0.09999000000191018 step=1082042
Saving: DDQN_eval_eval ...
Saving: DDQN_target_eval ...
episode=498 score=12.0 avgScore=15.87 bestScore=15.92 epsilon=0.09999000000191018 step=1084377
episode=499 score=13.0 avgScore=15.9 bestScore=15.92 epsilon=0.09999000000191018 step=1086755
